TpTrace Verbose: 0 : 3928, 1, 2023/07/19, 14:25:29.424, 134002526198, vstest.console.dll, Version: 17.5.0-release-20221220-01 Current process architecture: X64
TpTrace Verbose: 0 : 3928, 1, 2023/07/19, 14:25:29.426, 134002549590, vstest.console.dll, Runtime location: C:\Program Files\dotnet\shared\Microsoft.NETCore.App\7.0.5
TpTrace Verbose: 0 : 3928, 1, 2023/07/19, 14:25:29.430, 134002591150, vstest.console.dll, ArtifactProcessingPostProcessModeProcessorExecutor.Initialize: ArtifactProcessingMode.Collect
TpTrace Verbose: 0 : 3928, 1, 2023/07/19, 14:25:29.430, 134002593896, vstest.console.dll, TestSessionCorrelationIdProcessorModeProcessorExecutor.Initialize: TestSessionCorrelationId '22368_efaaa843-08f5-4a80-8636-f38e00210e1e'
TpTrace Information: 0 : 3928, 1, 2023/07/19, 14:25:29.445, 134002739018, vstest.console.dll, FilePatternParser: The given file C:\Users\Coditas\source\repos\EmployeeManagementAPI\EmployeeManagement.Tests\bin\Debug\net6.0\fine-code-coverage\build-output\EmployeeManagement.NunitTests.dll is a full path.
TpTrace Verbose: 0 : 3928, 1, 2023/07/19, 14:25:29.453, 134002815555, vstest.console.dll, TestPluginCache.DiscoverTestExtensions: finding test extensions in assemblies ends with: RuntimeProvider.dll TPluginInfo: Microsoft.VisualStudio.TestPlatform.Common.ExtensionFramework.Utilities.TestRuntimePluginInformation TExtension: Microsoft.VisualStudio.TestPlatform.ObjectModel.Host.ITestRuntimeProvider
TpTrace Verbose: 0 : 3928, 1, 2023/07/19, 14:25:29.453, 134002823230, vstest.console.dll, TestPluginCache.GetExtensionPaths: Filtered extension paths: 
TpTrace Verbose: 0 : 3928, 1, 2023/07/19, 14:25:29.454, 134002825489, vstest.console.dll, TestPluginCache.GetExtensionPaths: Added default extension paths: C:\Program Files\dotnet\sdk\7.0.203\Extensions\Microsoft.Diagnostics.NETCore.Client.dll
C:\Program Files\dotnet\sdk\7.0.203\Extensions\Microsoft.TestPlatform.Extensions.BlameDataCollector.dll
C:\Program Files\dotnet\sdk\7.0.203\Extensions\Microsoft.TestPlatform.Extensions.EventLogCollector.dll
C:\Program Files\dotnet\sdk\7.0.203\Extensions\Microsoft.TestPlatform.TestHostRuntimeProvider.dll
C:\Program Files\dotnet\sdk\7.0.203\Extensions\Microsoft.VisualStudio.TestPlatform.Extensions.Html.TestLogger.dll
C:\Program Files\dotnet\sdk\7.0.203\Extensions\Microsoft.VisualStudio.TestPlatform.Extensions.Trx.TestLogger.dll
TpTrace Verbose: 0 : 3928, 1, 2023/07/19, 14:25:29.454, 134002826903, vstest.console.dll, TestPluginCache.GetExtensionPaths: Added unfilterableExtensionPaths: 
TpTrace Information: 0 : 3928, 1, 2023/07/19, 14:25:29.455, 134002844672, vstest.console.dll, AssemblyResolver.ctor: Creating AssemblyResolver with searchDirectories C:\Program Files\dotnet\sdk\7.0.203\Extensions,C:\Program Files\dotnet\sdk\7.0.203
TpTrace Verbose: 0 : 3928, 1, 2023/07/19, 14:25:29.457, 134002862195, vstest.console.dll, TestPluginCache.DiscoverTestExtensions: Discovering the extensions using extension path.
TpTrace Verbose: 0 : 3928, 1, 2023/07/19, 14:25:29.458, 134002865104, vstest.console.dll, TestPluginCache.GetExtensionPaths: Filtered extension paths: 
TpTrace Verbose: 0 : 3928, 1, 2023/07/19, 14:25:29.458, 134002866734, vstest.console.dll, TestPluginCache.GetExtensionPaths: Added default extension paths: C:\Program Files\dotnet\sdk\7.0.203\Extensions\Microsoft.Diagnostics.NETCore.Client.dll
C:\Program Files\dotnet\sdk\7.0.203\Extensions\Microsoft.TestPlatform.Extensions.BlameDataCollector.dll
C:\Program Files\dotnet\sdk\7.0.203\Extensions\Microsoft.TestPlatform.Extensions.EventLogCollector.dll
C:\Program Files\dotnet\sdk\7.0.203\Extensions\Microsoft.TestPlatform.TestHostRuntimeProvider.dll
C:\Program Files\dotnet\sdk\7.0.203\Extensions\Microsoft.VisualStudio.TestPlatform.Extensions.Html.TestLogger.dll
C:\Program Files\dotnet\sdk\7.0.203\Extensions\Microsoft.VisualStudio.TestPlatform.Extensions.Trx.TestLogger.dll
TpTrace Verbose: 0 : 3928, 1, 2023/07/19, 14:25:29.458, 134002868477, vstest.console.dll, TestPluginCache.GetExtensionPaths: Added unfilterableExtensionPaths: 
TpTrace Verbose: 0 : 3928, 1, 2023/07/19, 14:25:29.458, 134002872335, vstest.console.dll, TestPluginCache.DiscoverTestExtensions: Discovering the extensions using allExtensionPaths: C:\Program Files\dotnet\sdk\7.0.203\Extensions\Microsoft.Diagnostics.NETCore.Client.dll
C:\Program Files\dotnet\sdk\7.0.203\Extensions\Microsoft.TestPlatform.Extensions.BlameDataCollector.dll
C:\Program Files\dotnet\sdk\7.0.203\Extensions\Microsoft.TestPlatform.Extensions.EventLogCollector.dll
C:\Program Files\dotnet\sdk\7.0.203\Extensions\Microsoft.TestPlatform.TestHostRuntimeProvider.dll
C:\Program Files\dotnet\sdk\7.0.203\Extensions\Microsoft.VisualStudio.TestPlatform.Extensions.Html.TestLogger.dll
C:\Program Files\dotnet\sdk\7.0.203\Extensions\Microsoft.VisualStudio.TestPlatform.Extensions.Trx.TestLogger.dll
TpTrace Information: 0 : 3928, 1, 2023/07/19, 14:25:29.459, 134002876217, vstest.console.dll, AssemblyResolver.AddSearchDirectories: Adding more searchDirectories C:\Program Files\dotnet\sdk\7.0.203\Extensions,C:\Program Files\dotnet\sdk\7.0.203
TpTrace Information: 0 : 3928, 1, 2023/07/19, 14:25:29.459, 134002878160, vstest.console.dll, AssemblyResolver.AddSearchDirectories: Adding more searchDirectories C:\Program Files\dotnet\sdk\7.0.203\Extensions,C:\Program Files\dotnet\sdk\7.0.203
TpTrace Information: 0 : 3928, 1, 2023/07/19, 14:25:29.459, 134002879787, vstest.console.dll, AssemblyResolver.AddSearchDirectories: Adding more searchDirectories C:\Program Files\dotnet\sdk\7.0.203\Extensions,C:\Program Files\dotnet\sdk\7.0.203
TpTrace Information: 0 : 3928, 1, 2023/07/19, 14:25:29.459, 134002881522, vstest.console.dll, AssemblyResolver.AddSearchDirectories: Adding more searchDirectories C:\Program Files\dotnet\sdk\7.0.203\Extensions,C:\Program Files\dotnet\sdk\7.0.203
TpTrace Information: 0 : 3928, 1, 2023/07/19, 14:25:29.459, 134002883093, vstest.console.dll, AssemblyResolver.AddSearchDirectories: Adding more searchDirectories C:\Program Files\dotnet\sdk\7.0.203\Extensions,C:\Program Files\dotnet\sdk\7.0.203
TpTrace Information: 0 : 3928, 1, 2023/07/19, 14:25:29.459, 134002884743, vstest.console.dll, AssemblyResolver.AddSearchDirectories: Adding more searchDirectories C:\Program Files\dotnet\sdk\7.0.203\Extensions,C:\Program Files\dotnet\sdk\7.0.203
TpTrace Information: 0 : 3928, 1, 2023/07/19, 14:25:29.460, 134002892198, vstest.console.dll, AssemblyResolver.OnResolve: Microsoft.Diagnostics.NETCore.Client: Resolving assembly.
TpTrace Information: 0 : 3928, 1, 2023/07/19, 14:25:29.460, 134002894123, vstest.console.dll, AssemblyResolver.OnResolve: Microsoft.Diagnostics.NETCore.Client: Searching in: 'C:\Program Files\dotnet\sdk\7.0.203\Extensions'.
TpTrace Information: 0 : 3928, 1, 2023/07/19, 14:25:29.471, 134002997684, vstest.console.dll, AssemblyResolver.OnResolve: Microsoft.Diagnostics.NETCore.Client: Loading assembly 'C:\Program Files\dotnet\sdk\7.0.203\Extensions\Microsoft.Diagnostics.NETCore.Client.dll'.
TpTrace Information: 0 : 3928, 1, 2023/07/19, 14:25:29.472, 134003009556, vstest.console.dll, AssemblyResolver.OnResolve: Resolved assembly: Microsoft.Diagnostics.NETCore.Client, from path: C:\Program Files\dotnet\sdk\7.0.203\Extensions\Microsoft.Diagnostics.NETCore.Client.dll
TpTrace Verbose: 0 : 3928, 1, 2023/07/19, 14:25:29.474, 134003025908, vstest.console.dll, MetadataReaderExtensionsHelper: Discovering extensions inside assembly 'Microsoft.Diagnostics.NETCore.Client, Version=0.2.6.42401, Culture=neutral, PublicKeyToken=31bf3856ad364e35' file path 'C:\Program Files\dotnet\sdk\7.0.203\Extensions\Microsoft.Diagnostics.NETCore.Client.dll'
TpTrace Information: 0 : 3928, 1, 2023/07/19, 14:25:29.480, 134003085079, vstest.console.dll, AssemblyResolver.OnResolve: Microsoft.Bcl.AsyncInterfaces: Resolving assembly.
TpTrace Information: 0 : 3928, 1, 2023/07/19, 14:25:29.480, 134003087076, vstest.console.dll, AssemblyResolver.OnResolve: Microsoft.Bcl.AsyncInterfaces: Searching in: 'C:\Program Files\dotnet\sdk\7.0.203\Extensions'.
TpTrace Information: 0 : 3928, 1, 2023/07/19, 14:25:29.480, 134003089862, vstest.console.dll, AssemblyResolver.OnResolve: Microsoft.Bcl.AsyncInterfaces: Assembly path does not exist: 'C:\Program Files\dotnet\sdk\7.0.203\Extensions\Microsoft.Bcl.AsyncInterfaces.dll', returning.
TpTrace Information: 0 : 3928, 1, 2023/07/19, 14:25:29.480, 134003092789, vstest.console.dll, AssemblyResolver.OnResolve: Microsoft.Bcl.AsyncInterfaces: Assembly path does not exist: 'C:\Program Files\dotnet\sdk\7.0.203\Extensions\Microsoft.Bcl.AsyncInterfaces.exe', returning.
TpTrace Information: 0 : 3928, 1, 2023/07/19, 14:25:29.480, 134003094118, vstest.console.dll, AssemblyResolver.OnResolve: Microsoft.Bcl.AsyncInterfaces: Searching in: 'C:\Program Files\dotnet\sdk\7.0.203'.
TpTrace Information: 0 : 3928, 1, 2023/07/19, 14:25:29.481, 134003096600, vstest.console.dll, AssemblyResolver.OnResolve: Microsoft.Bcl.AsyncInterfaces: Assembly path does not exist: 'C:\Program Files\dotnet\sdk\7.0.203\Microsoft.Bcl.AsyncInterfaces.dll', returning.
TpTrace Information: 0 : 3928, 1, 2023/07/19, 14:25:29.481, 134003098856, vstest.console.dll, AssemblyResolver.OnResolve: Microsoft.Bcl.AsyncInterfaces: Assembly path does not exist: 'C:\Program Files\dotnet\sdk\7.0.203\Microsoft.Bcl.AsyncInterfaces.exe', returning.
TpTrace Information: 0 : 3928, 1, 2023/07/19, 14:25:29.481, 134003100429, vstest.console.dll, AssemblyResolver.OnResolve: Microsoft.Bcl.AsyncInterfaces: Failed to load assembly.
TpTrace Verbose: 0 : 3928, 1, 2023/07/19, 14:25:29.481, 134003102121, vstest.console.dll, CurrentDomainAssemblyResolve: Resolving assembly 'Microsoft.Bcl.AsyncInterfaces'.
TpTrace Information: 0 : 3928, 1, 2023/07/19, 14:25:29.481, 134003104003, vstest.console.dll, AssemblyResolver.OnResolve: Microsoft.Bcl.AsyncInterfaces: Resolving assembly.
TpTrace Information: 0 : 3928, 1, 2023/07/19, 14:25:29.482, 134003105619, vstest.console.dll, AssemblyResolver.OnResolve: Microsoft.Bcl.AsyncInterfaces: Resolved from cache.
TpTrace Verbose: 0 : 3928, 1, 2023/07/19, 14:25:29.482, 134003107008, vstest.console.dll, CurrentDomainAssemblyResolve: Resolving assembly 'Microsoft.Bcl.AsyncInterfaces'.
TpTrace Verbose: 0 : 3928, 1, 2023/07/19, 14:25:29.482, 134003108507, vstest.console.dll, CurrentDomainAssemblyResolve: Failed to resolve assembly 'Microsoft.Bcl.AsyncInterfaces'.
TpTrace Verbose: 0 : 3928, 1, 2023/07/19, 14:25:29.484, 134003125836, vstest.console.dll, CurrentDomainAssemblyResolve: Failed to resolve assembly 'Microsoft.Bcl.AsyncInterfaces'.
TpTrace Warning: 0 : 3928, 1, 2023/07/19, 14:25:29.493, 134003219945, vstest.console.dll, TestPluginDiscoverer: Failed to get types from assembly 'Microsoft.Diagnostics.NETCore.Client, Version=0.2.6.42401, Culture=neutral, PublicKeyToken=31bf3856ad364e35'. Error: System.Reflection.ReflectionTypeLoadException: Unable to load one or more of the requested types.
Could not load file or assembly 'Microsoft.Bcl.AsyncInterfaces, Version=1.0.0.0, Culture=neutral, PublicKeyToken=cc7b13ffcd2ddd51'. The system cannot find the file specified.
   at System.Reflection.RuntimeModule.GetTypes(RuntimeModule module)
   at System.Reflection.Assembly.GetTypes()
   at Microsoft.VisualStudio.TestPlatform.Common.ExtensionFramework.TestPluginDiscoverer.GetTestExtensionsFromAssembly[TPluginInfo,TExtension](Assembly assembly, Dictionary`2 pluginInfos, String filePath)
System.IO.FileNotFoundException: Could not load file or assembly 'Microsoft.Bcl.AsyncInterfaces, Version=1.0.0.0, Culture=neutral, PublicKeyToken=cc7b13ffcd2ddd51'. The system cannot find the file specified.
File name: 'Microsoft.Bcl.AsyncInterfaces, Version=1.0.0.0, Culture=neutral, PublicKeyToken=cc7b13ffcd2ddd51'
 ---> System.IO.FileNotFoundException: Could not load file or assembly 'Microsoft.Bcl.AsyncInterfaces, Culture=neutral, PublicKeyToken=null'. The system cannot find the file specified.
File name: 'Microsoft.Bcl.AsyncInterfaces, Culture=neutral, PublicKeyToken=null'
   at System.Reflection.RuntimeAssembly.InternalLoad(AssemblyName assemblyName, StackCrawlMark& stackMark, AssemblyLoadContext assemblyLoadContext, RuntimeAssembly requestingAssembly, Boolean throwOnFileNotFound)
   at System.Reflection.Assembly.Load(AssemblyName assemblyRef)
   at Microsoft.VisualStudio.TestPlatform.Common.ExtensionFramework.TestPluginCache.CurrentDomainAssemblyResolve(Object sender, AssemblyResolveEventArgs args)
   at System.Runtime.Loader.AssemblyLoadContext.GetFirstResolvedAssemblyFromResolvingEvent(AssemblyName assemblyName)
   at System.Runtime.Loader.AssemblyLoadContext.ResolveUsingEvent(AssemblyName assemblyName)
   at System.Runtime.Loader.AssemblyLoadContext.ResolveUsingResolvingEvent(IntPtr gchManagedAssemblyLoadContext, AssemblyName assemblyName)
TpTrace Warning: 0 : 3928, 1, 2023/07/19, 14:25:29.494, 134003227448, vstest.console.dll, LoaderExceptions: System.IO.FileNotFoundException: Could not load file or assembly 'Microsoft.Bcl.AsyncInterfaces, Version=1.0.0.0, Culture=neutral, PublicKeyToken=cc7b13ffcd2ddd51'. The system cannot find the file specified.
File name: 'Microsoft.Bcl.AsyncInterfaces, Version=1.0.0.0, Culture=neutral, PublicKeyToken=cc7b13ffcd2ddd51'
 ---> System.IO.FileNotFoundException: Could not load file or assembly 'Microsoft.Bcl.AsyncInterfaces, Culture=neutral, PublicKeyToken=null'. The system cannot find the file specified.
File name: 'Microsoft.Bcl.AsyncInterfaces, Culture=neutral, PublicKeyToken=null'
   at System.Reflection.RuntimeAssembly.InternalLoad(AssemblyName assemblyName, StackCrawlMark& stackMark, AssemblyLoadContext assemblyLoadContext, RuntimeAssembly requestingAssembly, Boolean throwOnFileNotFound)
   at System.Reflection.Assembly.Load(AssemblyName assemblyRef)
   at Microsoft.VisualStudio.TestPlatform.Common.ExtensionFramework.TestPluginCache.CurrentDomainAssemblyResolve(Object sender, AssemblyResolveEventArgs args)
   at System.Runtime.Loader.AssemblyLoadContext.GetFirstResolvedAssemblyFromResolvingEvent(AssemblyName assemblyName)
   at System.Runtime.Loader.AssemblyLoadContext.ResolveUsingEvent(AssemblyName assemblyName)
   at System.Runtime.Loader.AssemblyLoadContext.ResolveUsingResolvingEvent(IntPtr gchManagedAssemblyLoadContext, AssemblyName assemblyName)
TpTrace Information: 0 : 3928, 1, 2023/07/19, 14:25:29.494, 134003231777, vstest.console.dll, AssemblyResolver.OnResolve: Microsoft.TestPlatform.Extensions.BlameDataCollector: Resolving assembly.
TpTrace Information: 0 : 3928, 1, 2023/07/19, 14:25:29.494, 134003233911, vstest.console.dll, AssemblyResolver.OnResolve: Microsoft.TestPlatform.Extensions.BlameDataCollector: Searching in: 'C:\Program Files\dotnet\sdk\7.0.203\Extensions'.
TpTrace Information: 0 : 3928, 1, 2023/07/19, 14:25:29.495, 134003244504, vstest.console.dll, AssemblyResolver.OnResolve: Microsoft.TestPlatform.Extensions.BlameDataCollector: Loading assembly 'C:\Program Files\dotnet\sdk\7.0.203\Extensions\Microsoft.TestPlatform.Extensions.BlameDataCollector.dll'.
TpTrace Information: 0 : 3928, 1, 2023/07/19, 14:25:29.497, 134003254982, vstest.console.dll, AssemblyResolver.OnResolve: Resolved assembly: Microsoft.TestPlatform.Extensions.BlameDataCollector, from path: C:\Program Files\dotnet\sdk\7.0.203\Extensions\Microsoft.TestPlatform.Extensions.BlameDataCollector.dll
TpTrace Verbose: 0 : 3928, 1, 2023/07/19, 14:25:29.497, 134003257125, vstest.console.dll, MetadataReaderExtensionsHelper: Discovering extensions inside assembly 'Microsoft.TestPlatform.Extensions.BlameDataCollector, Version=15.0.0.0, Culture=neutral, PublicKeyToken=b03f5f7f11d50a3a' file path 'C:\Program Files\dotnet\sdk\7.0.203\Extensions\Microsoft.TestPlatform.Extensions.BlameDataCollector.dll'
TpTrace Information: 0 : 3928, 1, 2023/07/19, 14:25:29.500, 134003286277, vstest.console.dll, AssemblyResolver.OnResolve: Microsoft.TestPlatform.Extensions.EventLogCollector: Resolving assembly.
TpTrace Information: 0 : 3928, 1, 2023/07/19, 14:25:29.500, 134003288930, vstest.console.dll, AssemblyResolver.OnResolve: Microsoft.TestPlatform.Extensions.EventLogCollector: Searching in: 'C:\Program Files\dotnet\sdk\7.0.203\Extensions'.
TpTrace Information: 0 : 3928, 1, 2023/07/19, 14:25:29.501, 134003297943, vstest.console.dll, AssemblyResolver.OnResolve: Microsoft.TestPlatform.Extensions.EventLogCollector: Loading assembly 'C:\Program Files\dotnet\sdk\7.0.203\Extensions\Microsoft.TestPlatform.Extensions.EventLogCollector.dll'.
TpTrace Information: 0 : 3928, 1, 2023/07/19, 14:25:29.502, 134003307669, vstest.console.dll, AssemblyResolver.OnResolve: Resolved assembly: Microsoft.TestPlatform.Extensions.EventLogCollector, from path: C:\Program Files\dotnet\sdk\7.0.203\Extensions\Microsoft.TestPlatform.Extensions.EventLogCollector.dll
TpTrace Verbose: 0 : 3928, 1, 2023/07/19, 14:25:29.502, 134003310378, vstest.console.dll, MetadataReaderExtensionsHelper: Discovering extensions inside assembly 'Microsoft.TestPlatform.Extensions.EventLogCollector, Version=15.0.0.0, Culture=neutral, PublicKeyToken=b03f5f7f11d50a3a' file path 'C:\Program Files\dotnet\sdk\7.0.203\Extensions\Microsoft.TestPlatform.Extensions.EventLogCollector.dll'
TpTrace Information: 0 : 3928, 1, 2023/07/19, 14:25:29.506, 134003352467, vstest.console.dll, AssemblyResolver.OnResolve: Microsoft.TestPlatform.TestHostRuntimeProvider: Resolving assembly.
TpTrace Information: 0 : 3928, 1, 2023/07/19, 14:25:29.507, 134003354926, vstest.console.dll, AssemblyResolver.OnResolve: Microsoft.TestPlatform.TestHostRuntimeProvider: Searching in: 'C:\Program Files\dotnet\sdk\7.0.203\Extensions'.
TpTrace Information: 0 : 3928, 1, 2023/07/19, 14:25:29.507, 134003363229, vstest.console.dll, AssemblyResolver.OnResolve: Microsoft.TestPlatform.TestHostRuntimeProvider: Loading assembly 'C:\Program Files\dotnet\sdk\7.0.203\Extensions\Microsoft.TestPlatform.TestHostRuntimeProvider.dll'.
TpTrace Information: 0 : 3928, 1, 2023/07/19, 14:25:29.508, 134003374541, vstest.console.dll, AssemblyResolver.OnResolve: Resolved assembly: Microsoft.TestPlatform.TestHostRuntimeProvider, from path: C:\Program Files\dotnet\sdk\7.0.203\Extensions\Microsoft.TestPlatform.TestHostRuntimeProvider.dll
TpTrace Verbose: 0 : 3928, 1, 2023/07/19, 14:25:29.509, 134003377979, vstest.console.dll, MetadataReaderExtensionsHelper: Discovering extensions inside assembly 'Microsoft.TestPlatform.TestHostRuntimeProvider, Version=15.0.0.0, Culture=neutral, PublicKeyToken=b03f5f7f11d50a3a' file path 'C:\Program Files\dotnet\sdk\7.0.203\Extensions\Microsoft.TestPlatform.TestHostRuntimeProvider.dll'
TpTrace Information: 0 : 3928, 1, 2023/07/19, 14:25:29.512, 134003405873, vstest.console.dll, GetTestExtensionFromType: Register extension with identifier data 'HostProvider://DefaultTestHost' and type 'Microsoft.VisualStudio.TestPlatform.CrossPlatEngine.Hosting.DefaultTestHostManager, Microsoft.TestPlatform.TestHostRuntimeProvider, Version=15.0.0.0, Culture=neutral, PublicKeyToken=b03f5f7f11d50a3a' inside file 'C:\Program Files\dotnet\sdk\7.0.203\Extensions\Microsoft.TestPlatform.TestHostRuntimeProvider.dll'
TpTrace Information: 0 : 3928, 1, 2023/07/19, 14:25:29.512, 134003410417, vstest.console.dll, GetTestExtensionFromType: Register extension with identifier data 'HostProvider://DotnetTestHost' and type 'Microsoft.VisualStudio.TestPlatform.CrossPlatEngine.Hosting.DotnetTestHostManager, Microsoft.TestPlatform.TestHostRuntimeProvider, Version=15.0.0.0, Culture=neutral, PublicKeyToken=b03f5f7f11d50a3a' inside file 'C:\Program Files\dotnet\sdk\7.0.203\Extensions\Microsoft.TestPlatform.TestHostRuntimeProvider.dll'
TpTrace Information: 0 : 3928, 1, 2023/07/19, 14:25:29.512, 134003412400, vstest.console.dll, AssemblyResolver.OnResolve: Microsoft.VisualStudio.TestPlatform.Extensions.Html.TestLogger: Resolving assembly.
TpTrace Information: 0 : 3928, 1, 2023/07/19, 14:25:29.512, 134003414345, vstest.console.dll, AssemblyResolver.OnResolve: Microsoft.VisualStudio.TestPlatform.Extensions.Html.TestLogger: Searching in: 'C:\Program Files\dotnet\sdk\7.0.203\Extensions'.
TpTrace Information: 0 : 3928, 1, 2023/07/19, 14:25:29.513, 134003421721, vstest.console.dll, AssemblyResolver.OnResolve: Microsoft.VisualStudio.TestPlatform.Extensions.Html.TestLogger: Loading assembly 'C:\Program Files\dotnet\sdk\7.0.203\Extensions\Microsoft.VisualStudio.TestPlatform.Extensions.Html.TestLogger.dll'.
TpTrace Information: 0 : 3928, 1, 2023/07/19, 14:25:29.514, 134003429654, vstest.console.dll, AssemblyResolver.OnResolve: Resolved assembly: Microsoft.VisualStudio.TestPlatform.Extensions.Html.TestLogger, from path: C:\Program Files\dotnet\sdk\7.0.203\Extensions\Microsoft.VisualStudio.TestPlatform.Extensions.Html.TestLogger.dll
TpTrace Verbose: 0 : 3928, 1, 2023/07/19, 14:25:29.514, 134003431576, vstest.console.dll, MetadataReaderExtensionsHelper: Discovering extensions inside assembly 'Microsoft.VisualStudio.TestPlatform.Extensions.Html.TestLogger, Version=15.0.0.0, Culture=neutral, PublicKeyToken=b03f5f7f11d50a3a' file path 'C:\Program Files\dotnet\sdk\7.0.203\Extensions\Microsoft.VisualStudio.TestPlatform.Extensions.Html.TestLogger.dll'
TpTrace Information: 0 : 3928, 1, 2023/07/19, 14:25:29.516, 134003445898, vstest.console.dll, AssemblyResolver.OnResolve: Microsoft.VisualStudio.TestPlatform.Extensions.Trx.TestLogger: Resolving assembly.
TpTrace Information: 0 : 3928, 1, 2023/07/19, 14:25:29.516, 134003447712, vstest.console.dll, AssemblyResolver.OnResolve: Microsoft.VisualStudio.TestPlatform.Extensions.Trx.TestLogger: Searching in: 'C:\Program Files\dotnet\sdk\7.0.203\Extensions'.
TpTrace Information: 0 : 3928, 1, 2023/07/19, 14:25:29.517, 134003455861, vstest.console.dll, AssemblyResolver.OnResolve: Microsoft.VisualStudio.TestPlatform.Extensions.Trx.TestLogger: Loading assembly 'C:\Program Files\dotnet\sdk\7.0.203\Extensions\Microsoft.VisualStudio.TestPlatform.Extensions.Trx.TestLogger.dll'.
TpTrace Information: 0 : 3928, 1, 2023/07/19, 14:25:29.518, 134003465570, vstest.console.dll, AssemblyResolver.OnResolve: Resolved assembly: Microsoft.VisualStudio.TestPlatform.Extensions.Trx.TestLogger, from path: C:\Program Files\dotnet\sdk\7.0.203\Extensions\Microsoft.VisualStudio.TestPlatform.Extensions.Trx.TestLogger.dll
TpTrace Verbose: 0 : 3928, 1, 2023/07/19, 14:25:29.518, 134003467293, vstest.console.dll, MetadataReaderExtensionsHelper: Discovering extensions inside assembly 'Microsoft.VisualStudio.TestPlatform.Extensions.Trx.TestLogger, Version=15.0.0.0, Culture=neutral, PublicKeyToken=b03f5f7f11d50a3a' file path 'C:\Program Files\dotnet\sdk\7.0.203\Extensions\Microsoft.VisualStudio.TestPlatform.Extensions.Trx.TestLogger.dll'
TpTrace Verbose: 0 : 3928, 1, 2023/07/19, 14:25:29.520, 134003485813, vstest.console.dll, TestPluginCache: Discovered the extensions using extension path ''.
TpTrace Verbose: 0 : 3928, 1, 2023/07/19, 14:25:29.520, 134003487714, vstest.console.dll, TestPluginCache: Discoverers are ''.
TpTrace Verbose: 0 : 3928, 1, 2023/07/19, 14:25:29.520, 134003489211, vstest.console.dll, TestPluginCache: Executors are ''.
TpTrace Verbose: 0 : 3928, 1, 2023/07/19, 14:25:29.520, 134003490844, vstest.console.dll, TestPluginCache: Executors2 are ''.
TpTrace Verbose: 0 : 3928, 1, 2023/07/19, 14:25:29.520, 134003492210, vstest.console.dll, TestPluginCache: Setting providers are ''.
TpTrace Verbose: 0 : 3928, 1, 2023/07/19, 14:25:29.520, 134003493940, vstest.console.dll, TestPluginCache: Loggers are ''.
TpTrace Verbose: 0 : 3928, 1, 2023/07/19, 14:25:29.521, 134003496492, vstest.console.dll, TestPluginCache: TestHosts are 'HostProvider://DefaultTestHost,HostProvider://DotnetTestHost'.
TpTrace Verbose: 0 : 3928, 1, 2023/07/19, 14:25:29.521, 134003497936, vstest.console.dll, TestPluginCache: DataCollectors are ''.
TpTrace Information: 0 : 3928, 1, 2023/07/19, 14:25:29.535, 134003642880, vstest.console.dll, RunTestsArgumentProcessor:Execute: Test run is starting.
TpTrace Verbose: 0 : 3928, 1, 2023/07/19, 14:25:29.536, 134003644903, vstest.console.dll, RunTestsArgumentProcessor:Execute: Queuing Test run.
TpTrace Information: 0 : 3928, 1, 2023/07/19, 14:25:29.536, 134003649292, vstest.console.dll, TestRequestManager.RunTests: run tests started.
TpTrace Information: 0 : 3928, 1, 2023/07/19, 14:25:29.561, 134003898251, vstest.console.dll, AssemblyMetadataProvider.GetFrameworkName: Determined framework:'.NETCoreApp,Version=v6.0' for source: 'C:\Users\Coditas\source\repos\EmployeeManagementAPI\EmployeeManagement.Tests\bin\Debug\net6.0\fine-code-coverage\build-output\EmployeeManagement.NunitTests.dll'
TpTrace Information: 0 : 3928, 1, 2023/07/19, 14:25:29.561, 134003903761, vstest.console.dll, Determined framework for all sources: .NETCoreApp,Version=v6.0
TpTrace Verbose: 0 : 3928, 1, 2023/07/19, 14:25:29.562, 134003911934, vstest.console.dll, TestRequestManager.UpdateRunSettingsIfRequired: Default architecture: X64 IsDefaultTargetArchitecture: True, Current process architecture: X64 OperatingSystem: Windows.
TpTrace Information: 0 : 3928, 1, 2023/07/19, 14:25:29.566, 134003948299, vstest.console.dll, AssemblyMetadataProvider.GetArchitecture: Determined architecture:AnyCPU info for assembly: C:\Users\Coditas\source\repos\EmployeeManagementAPI\EmployeeManagement.Tests\bin\Debug\net6.0\fine-code-coverage\build-output\EmployeeManagement.NunitTests.dll
TpTrace Information: 0 : 3928, 1, 2023/07/19, 14:25:29.566, 134003950440, vstest.console.dll, Determined platform for source 'C:\Users\Coditas\source\repos\EmployeeManagementAPI\EmployeeManagement.Tests\bin\Debug\net6.0\fine-code-coverage\build-output\EmployeeManagement.NunitTests.dll' was AnyCPU and it will use the default plaform X64.
TpTrace Information: 0 : 3928, 1, 2023/07/19, 14:25:29.566, 134003952140, vstest.console.dll, None of the sources provided any runnable platform, using the default platform: X64
TpTrace Information: 0 : 3928, 1, 2023/07/19, 14:25:29.567, 134003955128, vstest.console.dll, Platform was updated to 'X64'.
TpTrace Information: 0 : 3928, 1, 2023/07/19, 14:25:29.572, 134004009920, vstest.console.dll, InferRunSettingsHelper.IsTestSettingsEnabled: Unable to navigate to RunSettings/MSTest. Current node: RunSettings
TpTrace Information: 0 : 3928, 1, 2023/07/19, 14:25:29.573, 134004020259, vstest.console.dll, AssemblyResolver.OnResolve: Microsoft.VisualStudio.TestPlatform.Fakes: Resolving assembly.
TpTrace Information: 0 : 3928, 1, 2023/07/19, 14:25:29.573, 134004021962, vstest.console.dll, AssemblyResolver.OnResolve: Microsoft.VisualStudio.TestPlatform.Fakes: Searching in: 'C:\Program Files\dotnet\sdk\7.0.203\Extensions'.
TpTrace Information: 0 : 3928, 1, 2023/07/19, 14:25:29.574, 134004024947, vstest.console.dll, AssemblyResolver.OnResolve: Microsoft.VisualStudio.TestPlatform.Fakes: Assembly path does not exist: 'C:\Program Files\dotnet\sdk\7.0.203\Extensions\Microsoft.VisualStudio.TestPlatform.Fakes.dll', returning.
TpTrace Information: 0 : 3928, 1, 2023/07/19, 14:25:29.574, 134004027400, vstest.console.dll, AssemblyResolver.OnResolve: Microsoft.VisualStudio.TestPlatform.Fakes: Assembly path does not exist: 'C:\Program Files\dotnet\sdk\7.0.203\Extensions\Microsoft.VisualStudio.TestPlatform.Fakes.exe', returning.
TpTrace Information: 0 : 3928, 1, 2023/07/19, 14:25:29.574, 134004028599, vstest.console.dll, AssemblyResolver.OnResolve: Microsoft.VisualStudio.TestPlatform.Fakes: Searching in: 'C:\Program Files\dotnet\sdk\7.0.203'.
TpTrace Information: 0 : 3928, 1, 2023/07/19, 14:25:29.574, 134004031321, vstest.console.dll, AssemblyResolver.OnResolve: Microsoft.VisualStudio.TestPlatform.Fakes: Assembly path does not exist: 'C:\Program Files\dotnet\sdk\7.0.203\Microsoft.VisualStudio.TestPlatform.Fakes.dll', returning.
TpTrace Information: 0 : 3928, 1, 2023/07/19, 14:25:29.574, 134004033635, vstest.console.dll, AssemblyResolver.OnResolve: Microsoft.VisualStudio.TestPlatform.Fakes: Assembly path does not exist: 'C:\Program Files\dotnet\sdk\7.0.203\Microsoft.VisualStudio.TestPlatform.Fakes.exe', returning.
TpTrace Information: 0 : 3928, 1, 2023/07/19, 14:25:29.574, 134004034727, vstest.console.dll, AssemblyResolver.OnResolve: Microsoft.VisualStudio.TestPlatform.Fakes: Failed to load assembly.
TpTrace Information: 0 : 3928, 1, 2023/07/19, 14:25:29.575, 134004039325, vstest.console.dll, Failed to load assembly Microsoft.VisualStudio.TestPlatform.Fakes, Version=17.0.0.0, Culture=neutral. Reason:System.IO.FileNotFoundException: Could not load file or assembly 'Microsoft.VisualStudio.TestPlatform.Fakes, Version=17.0.0.0, Culture=neutral, PublicKeyToken=null'. The system cannot find the file specified.
File name: 'Microsoft.VisualStudio.TestPlatform.Fakes, Version=17.0.0.0, Culture=neutral, PublicKeyToken=null'
   at System.Reflection.RuntimeAssembly.InternalLoad(AssemblyName assemblyName, StackCrawlMark& stackMark, AssemblyLoadContext assemblyLoadContext, RuntimeAssembly requestingAssembly, Boolean throwOnFileNotFound)
   at System.Reflection.Assembly.Load(AssemblyName assemblyRef)
   at Microsoft.VisualStudio.TestPlatform.Common.Utilities.FakesUtilities.LoadTestPlatformAssembly()
TpTrace Verbose: 0 : 3928, 1, 2023/07/19, 14:25:29.580, 134004094263, vstest.console.dll, TestPluginCache.DiscoverTestExtensions: finding test extensions in assemblies ends with: TestLogger.dll TPluginInfo: Microsoft.VisualStudio.TestPlatform.Common.ExtensionFramework.Utilities.TestLoggerPluginInformation TExtension: Microsoft.VisualStudio.TestPlatform.ObjectModel.Client.ITestLogger
TpTrace Verbose: 0 : 3928, 1, 2023/07/19, 14:25:29.581, 134004097577, vstest.console.dll, TestPluginCache.GetExtensionPaths: Filtered extension paths: 
TpTrace Verbose: 0 : 3928, 1, 2023/07/19, 14:25:29.581, 134004099639, vstest.console.dll, TestPluginCache.GetExtensionPaths: Added default extension paths: C:\Program Files\dotnet\sdk\7.0.203\Extensions\Microsoft.Diagnostics.NETCore.Client.dll
C:\Program Files\dotnet\sdk\7.0.203\Extensions\Microsoft.TestPlatform.Extensions.BlameDataCollector.dll
C:\Program Files\dotnet\sdk\7.0.203\Extensions\Microsoft.TestPlatform.Extensions.EventLogCollector.dll
C:\Program Files\dotnet\sdk\7.0.203\Extensions\Microsoft.TestPlatform.TestHostRuntimeProvider.dll
C:\Program Files\dotnet\sdk\7.0.203\Extensions\Microsoft.VisualStudio.TestPlatform.Extensions.Html.TestLogger.dll
C:\Program Files\dotnet\sdk\7.0.203\Extensions\Microsoft.VisualStudio.TestPlatform.Extensions.Trx.TestLogger.dll
TpTrace Verbose: 0 : 3928, 1, 2023/07/19, 14:25:29.581, 134004101569, vstest.console.dll, TestPluginCache.GetExtensionPaths: Added unfilterableExtensionPaths: 
TpTrace Information: 0 : 3928, 1, 2023/07/19, 14:25:29.582, 134004106398, vstest.console.dll, AssemblyResolver.AddSearchDirectories: Adding more searchDirectories C:\Program Files\dotnet\sdk\7.0.203\Extensions,C:\Program Files\dotnet\sdk\7.0.203
TpTrace Verbose: 0 : 3928, 1, 2023/07/19, 14:25:29.582, 134004108542, vstest.console.dll, TestPluginCache.DiscoverTestExtensions: Discovering the extensions using extension path.
TpTrace Verbose: 0 : 3928, 1, 2023/07/19, 14:25:29.582, 134004110286, vstest.console.dll, TestPluginCache.GetExtensionPaths: Filtered extension paths: 
TpTrace Verbose: 0 : 3928, 1, 2023/07/19, 14:25:29.582, 134004111934, vstest.console.dll, TestPluginCache.GetExtensionPaths: Added default extension paths: C:\Program Files\dotnet\sdk\7.0.203\Extensions\Microsoft.Diagnostics.NETCore.Client.dll
C:\Program Files\dotnet\sdk\7.0.203\Extensions\Microsoft.TestPlatform.Extensions.BlameDataCollector.dll
C:\Program Files\dotnet\sdk\7.0.203\Extensions\Microsoft.TestPlatform.Extensions.EventLogCollector.dll
C:\Program Files\dotnet\sdk\7.0.203\Extensions\Microsoft.TestPlatform.TestHostRuntimeProvider.dll
C:\Program Files\dotnet\sdk\7.0.203\Extensions\Microsoft.VisualStudio.TestPlatform.Extensions.Html.TestLogger.dll
C:\Program Files\dotnet\sdk\7.0.203\Extensions\Microsoft.VisualStudio.TestPlatform.Extensions.Trx.TestLogger.dll
TpTrace Verbose: 0 : 3928, 1, 2023/07/19, 14:25:29.582, 134004113777, vstest.console.dll, TestPluginCache.GetExtensionPaths: Added unfilterableExtensionPaths: 
TpTrace Verbose: 0 : 3928, 1, 2023/07/19, 14:25:29.583, 134004115805, vstest.console.dll, TestPluginCache.DiscoverTestExtensions: Discovering the extensions using allExtensionPaths: C:\Program Files\dotnet\sdk\7.0.203\Extensions\Microsoft.Diagnostics.NETCore.Client.dll
C:\Program Files\dotnet\sdk\7.0.203\Extensions\Microsoft.TestPlatform.Extensions.BlameDataCollector.dll
C:\Program Files\dotnet\sdk\7.0.203\Extensions\Microsoft.TestPlatform.Extensions.EventLogCollector.dll
C:\Program Files\dotnet\sdk\7.0.203\Extensions\Microsoft.TestPlatform.TestHostRuntimeProvider.dll
C:\Program Files\dotnet\sdk\7.0.203\Extensions\Microsoft.VisualStudio.TestPlatform.Extensions.Html.TestLogger.dll
C:\Program Files\dotnet\sdk\7.0.203\Extensions\Microsoft.VisualStudio.TestPlatform.Extensions.Trx.TestLogger.dll
TpTrace Information: 0 : 3928, 1, 2023/07/19, 14:25:29.583, 134004121830, vstest.console.dll, AssemblyResolver.AddSearchDirectories: Adding more searchDirectories C:\Program Files\dotnet\sdk\7.0.203\Extensions,C:\Program Files\dotnet\sdk\7.0.203
TpTrace Information: 0 : 3928, 1, 2023/07/19, 14:25:29.583, 134004124155, vstest.console.dll, AssemblyResolver.AddSearchDirectories: Adding more searchDirectories C:\Program Files\dotnet\sdk\7.0.203\Extensions,C:\Program Files\dotnet\sdk\7.0.203
TpTrace Information: 0 : 3928, 1, 2023/07/19, 14:25:29.584, 134004126047, vstest.console.dll, AssemblyResolver.AddSearchDirectories: Adding more searchDirectories C:\Program Files\dotnet\sdk\7.0.203\Extensions,C:\Program Files\dotnet\sdk\7.0.203
TpTrace Information: 0 : 3928, 1, 2023/07/19, 14:25:29.584, 134004128184, vstest.console.dll, AssemblyResolver.AddSearchDirectories: Adding more searchDirectories C:\Program Files\dotnet\sdk\7.0.203\Extensions,C:\Program Files\dotnet\sdk\7.0.203
TpTrace Information: 0 : 3928, 1, 2023/07/19, 14:25:29.584, 134004129982, vstest.console.dll, AssemblyResolver.AddSearchDirectories: Adding more searchDirectories C:\Program Files\dotnet\sdk\7.0.203\Extensions,C:\Program Files\dotnet\sdk\7.0.203
TpTrace Information: 0 : 3928, 1, 2023/07/19, 14:25:29.584, 134004131672, vstest.console.dll, AssemblyResolver.AddSearchDirectories: Adding more searchDirectories C:\Program Files\dotnet\sdk\7.0.203\Extensions,C:\Program Files\dotnet\sdk\7.0.203
TpTrace Verbose: 0 : 3928, 1, 2023/07/19, 14:25:29.585, 134004135169, vstest.console.dll, MetadataReaderExtensionsHelper: Discovering extensions inside assembly 'Microsoft.Diagnostics.NETCore.Client, Version=0.2.6.42401, Culture=neutral, PublicKeyToken=31bf3856ad364e35' file path 'C:\Program Files\dotnet\sdk\7.0.203\Extensions\Microsoft.Diagnostics.NETCore.Client.dll'
TpTrace Information: 0 : 3928, 1, 2023/07/19, 14:25:29.586, 134004149977, vstest.console.dll, AssemblyResolver.OnResolve: Microsoft.Bcl.AsyncInterfaces: Resolving assembly.
TpTrace Information: 0 : 3928, 1, 2023/07/19, 14:25:29.586, 134004153143, vstest.console.dll, AssemblyResolver.OnResolve: Microsoft.Bcl.AsyncInterfaces: Resolved from cache.
TpTrace Verbose: 0 : 3928, 1, 2023/07/19, 14:25:29.586, 134004154767, vstest.console.dll, CurrentDomainAssemblyResolve: Resolving assembly 'Microsoft.Bcl.AsyncInterfaces'.
TpTrace Information: 0 : 3928, 1, 2023/07/19, 14:25:29.587, 134004159167, vstest.console.dll, AssemblyResolver.OnResolve: Microsoft.Bcl.AsyncInterfaces: Resolving assembly.
TpTrace Information: 0 : 3928, 1, 2023/07/19, 14:25:29.588, 134004166657, vstest.console.dll, AssemblyResolver.OnResolve: Microsoft.Bcl.AsyncInterfaces: Resolved from cache.
TpTrace Verbose: 0 : 3928, 1, 2023/07/19, 14:25:29.588, 134004169040, vstest.console.dll, CurrentDomainAssemblyResolve: Resolving assembly 'Microsoft.Bcl.AsyncInterfaces'.
TpTrace Verbose: 0 : 3928, 1, 2023/07/19, 14:25:29.588, 134004170885, vstest.console.dll, CurrentDomainAssemblyResolve: Failed to resolve assembly 'Microsoft.Bcl.AsyncInterfaces'.
TpTrace Verbose: 0 : 3928, 1, 2023/07/19, 14:25:29.589, 134004174798, vstest.console.dll, CurrentDomainAssemblyResolve: Failed to resolve assembly 'Microsoft.Bcl.AsyncInterfaces'.
TpTrace Warning: 0 : 3928, 1, 2023/07/19, 14:25:29.589, 134004182368, vstest.console.dll, TestPluginDiscoverer: Failed to get types from assembly 'Microsoft.Diagnostics.NETCore.Client, Version=0.2.6.42401, Culture=neutral, PublicKeyToken=31bf3856ad364e35'. Error: System.Reflection.ReflectionTypeLoadException: Unable to load one or more of the requested types.
Could not load file or assembly 'Microsoft.Bcl.AsyncInterfaces, Version=1.0.0.0, Culture=neutral, PublicKeyToken=cc7b13ffcd2ddd51'. The system cannot find the file specified.
   at System.Reflection.RuntimeModule.GetTypes(RuntimeModule module)
   at System.Reflection.Assembly.GetTypes()
   at Microsoft.VisualStudio.TestPlatform.Common.ExtensionFramework.TestPluginDiscoverer.GetTestExtensionsFromAssembly[TPluginInfo,TExtension](Assembly assembly, Dictionary`2 pluginInfos, String filePath)
System.IO.FileNotFoundException: Could not load file or assembly 'Microsoft.Bcl.AsyncInterfaces, Version=1.0.0.0, Culture=neutral, PublicKeyToken=cc7b13ffcd2ddd51'. The system cannot find the file specified.
File name: 'Microsoft.Bcl.AsyncInterfaces, Version=1.0.0.0, Culture=neutral, PublicKeyToken=cc7b13ffcd2ddd51'
 ---> System.IO.FileNotFoundException: Could not load file or assembly 'Microsoft.Bcl.AsyncInterfaces, Culture=neutral, PublicKeyToken=null'. The system cannot find the file specified.
File name: 'Microsoft.Bcl.AsyncInterfaces, Culture=neutral, PublicKeyToken=null'
   at System.Reflection.RuntimeAssembly.InternalLoad(AssemblyName assemblyName, StackCrawlMark& stackMark, AssemblyLoadContext assemblyLoadContext, RuntimeAssembly requestingAssembly, Boolean throwOnFileNotFound)
   at System.Reflection.Assembly.Load(AssemblyName assemblyRef)
   at Microsoft.VisualStudio.TestPlatform.Common.ExtensionFramework.TestPluginCache.CurrentDomainAssemblyResolve(Object sender, AssemblyResolveEventArgs args)
   at System.Runtime.Loader.AssemblyLoadContext.GetFirstResolvedAssemblyFromResolvingEvent(AssemblyName assemblyName)
   at System.Runtime.Loader.AssemblyLoadContext.ResolveUsingEvent(AssemblyName assemblyName)
   at System.Runtime.Loader.AssemblyLoadContext.ResolveUsingResolvingEvent(IntPtr gchManagedAssemblyLoadContext, AssemblyName assemblyName)
TpTrace Warning: 0 : 3928, 1, 2023/07/19, 14:25:29.590, 134004186581, vstest.console.dll, LoaderExceptions: System.IO.FileNotFoundException: Could not load file or assembly 'Microsoft.Bcl.AsyncInterfaces, Version=1.0.0.0, Culture=neutral, PublicKeyToken=cc7b13ffcd2ddd51'. The system cannot find the file specified.
File name: 'Microsoft.Bcl.AsyncInterfaces, Version=1.0.0.0, Culture=neutral, PublicKeyToken=cc7b13ffcd2ddd51'
 ---> System.IO.FileNotFoundException: Could not load file or assembly 'Microsoft.Bcl.AsyncInterfaces, Culture=neutral, PublicKeyToken=null'. The system cannot find the file specified.
File name: 'Microsoft.Bcl.AsyncInterfaces, Culture=neutral, PublicKeyToken=null'
   at System.Reflection.RuntimeAssembly.InternalLoad(AssemblyName assemblyName, StackCrawlMark& stackMark, AssemblyLoadContext assemblyLoadContext, RuntimeAssembly requestingAssembly, Boolean throwOnFileNotFound)
   at System.Reflection.Assembly.Load(AssemblyName assemblyRef)
   at Microsoft.VisualStudio.TestPlatform.Common.ExtensionFramework.TestPluginCache.CurrentDomainAssemblyResolve(Object sender, AssemblyResolveEventArgs args)
   at System.Runtime.Loader.AssemblyLoadContext.GetFirstResolvedAssemblyFromResolvingEvent(AssemblyName assemblyName)
   at System.Runtime.Loader.AssemblyLoadContext.ResolveUsingEvent(AssemblyName assemblyName)
   at System.Runtime.Loader.AssemblyLoadContext.ResolveUsingResolvingEvent(IntPtr gchManagedAssemblyLoadContext, AssemblyName assemblyName)
TpTrace Verbose: 0 : 3928, 1, 2023/07/19, 14:25:29.590, 134004189022, vstest.console.dll, MetadataReaderExtensionsHelper: Discovering extensions inside assembly 'Microsoft.TestPlatform.Extensions.BlameDataCollector, Version=15.0.0.0, Culture=neutral, PublicKeyToken=b03f5f7f11d50a3a' file path 'C:\Program Files\dotnet\sdk\7.0.203\Extensions\Microsoft.TestPlatform.Extensions.BlameDataCollector.dll'
TpTrace Information: 0 : 3928, 1, 2023/07/19, 14:25:29.591, 134004196874, vstest.console.dll, GetTestExtensionFromType: Register extension with identifier data 'logger://Microsoft/TestPlatform/Extensions/Blame/v1' and type 'Microsoft.TestPlatform.Extensions.BlameDataCollector.BlameLogger, Microsoft.TestPlatform.Extensions.BlameDataCollector, Version=15.0.0.0, Culture=neutral, PublicKeyToken=b03f5f7f11d50a3a' inside file 'C:\Program Files\dotnet\sdk\7.0.203\Extensions\Microsoft.TestPlatform.Extensions.BlameDataCollector.dll'
TpTrace Verbose: 0 : 3928, 1, 2023/07/19, 14:25:29.591, 134004198637, vstest.console.dll, MetadataReaderExtensionsHelper: Discovering extensions inside assembly 'Microsoft.TestPlatform.Extensions.EventLogCollector, Version=15.0.0.0, Culture=neutral, PublicKeyToken=b03f5f7f11d50a3a' file path 'C:\Program Files\dotnet\sdk\7.0.203\Extensions\Microsoft.TestPlatform.Extensions.EventLogCollector.dll'
TpTrace Verbose: 0 : 3928, 1, 2023/07/19, 14:25:29.592, 134004204884, vstest.console.dll, MetadataReaderExtensionsHelper: Discovering extensions inside assembly 'Microsoft.TestPlatform.TestHostRuntimeProvider, Version=15.0.0.0, Culture=neutral, PublicKeyToken=b03f5f7f11d50a3a' file path 'C:\Program Files\dotnet\sdk\7.0.203\Extensions\Microsoft.TestPlatform.TestHostRuntimeProvider.dll'
TpTrace Verbose: 0 : 3928, 1, 2023/07/19, 14:25:29.592, 134004210374, vstest.console.dll, MetadataReaderExtensionsHelper: Discovering extensions inside assembly 'Microsoft.VisualStudio.TestPlatform.Extensions.Html.TestLogger, Version=15.0.0.0, Culture=neutral, PublicKeyToken=b03f5f7f11d50a3a' file path 'C:\Program Files\dotnet\sdk\7.0.203\Extensions\Microsoft.VisualStudio.TestPlatform.Extensions.Html.TestLogger.dll'
TpTrace Information: 0 : 3928, 1, 2023/07/19, 14:25:29.593, 134004219528, vstest.console.dll, GetTestExtensionFromType: Register extension with identifier data 'logger://Microsoft/TestPlatform/HtmlLogger/v1' and type 'Microsoft.VisualStudio.TestPlatform.Extensions.HtmlLogger.HtmlLogger, Microsoft.VisualStudio.TestPlatform.Extensions.Html.TestLogger, Version=15.0.0.0, Culture=neutral, PublicKeyToken=b03f5f7f11d50a3a' inside file 'C:\Program Files\dotnet\sdk\7.0.203\Extensions\Microsoft.VisualStudio.TestPlatform.Extensions.Html.TestLogger.dll'
TpTrace Verbose: 0 : 3928, 1, 2023/07/19, 14:25:29.593, 134004221346, vstest.console.dll, MetadataReaderExtensionsHelper: Discovering extensions inside assembly 'Microsoft.VisualStudio.TestPlatform.Extensions.Trx.TestLogger, Version=15.0.0.0, Culture=neutral, PublicKeyToken=b03f5f7f11d50a3a' file path 'C:\Program Files\dotnet\sdk\7.0.203\Extensions\Microsoft.VisualStudio.TestPlatform.Extensions.Trx.TestLogger.dll'
TpTrace Information: 0 : 3928, 1, 2023/07/19, 14:25:29.594, 134004229440, vstest.console.dll, GetTestExtensionFromType: Register extension with identifier data 'logger://Microsoft/TestPlatform/TrxLogger/v1' and type 'Microsoft.VisualStudio.TestPlatform.Extensions.TrxLogger.TrxLogger, Microsoft.VisualStudio.TestPlatform.Extensions.Trx.TestLogger, Version=15.0.0.0, Culture=neutral, PublicKeyToken=b03f5f7f11d50a3a' inside file 'C:\Program Files\dotnet\sdk\7.0.203\Extensions\Microsoft.VisualStudio.TestPlatform.Extensions.Trx.TestLogger.dll'
TpTrace Verbose: 0 : 3928, 1, 2023/07/19, 14:25:29.594, 134004233304, vstest.console.dll, TestPluginCache: Discovered the extensions using extension path ''.
TpTrace Verbose: 0 : 3928, 1, 2023/07/19, 14:25:29.595, 134004235464, vstest.console.dll, TestPluginCache: Discoverers are ''.
TpTrace Verbose: 0 : 3928, 1, 2023/07/19, 14:25:29.595, 134004237268, vstest.console.dll, TestPluginCache: Executors are ''.
TpTrace Verbose: 0 : 3928, 1, 2023/07/19, 14:25:29.595, 134004238741, vstest.console.dll, TestPluginCache: Executors2 are ''.
TpTrace Verbose: 0 : 3928, 1, 2023/07/19, 14:25:29.595, 134004240707, vstest.console.dll, TestPluginCache: Setting providers are ''.
TpTrace Verbose: 0 : 3928, 1, 2023/07/19, 14:25:29.595, 134004243523, vstest.console.dll, TestPluginCache: Loggers are 'logger://Microsoft/TestPlatform/Extensions/Blame/v1,logger://Microsoft/TestPlatform/HtmlLogger/v1,logger://Microsoft/TestPlatform/TrxLogger/v1'.
TpTrace Verbose: 0 : 3928, 1, 2023/07/19, 14:25:29.596, 134004245174, vstest.console.dll, TestPluginCache: TestHosts are 'HostProvider://DefaultTestHost,HostProvider://DotnetTestHost'.
TpTrace Verbose: 0 : 3928, 1, 2023/07/19, 14:25:29.596, 134004246367, vstest.console.dll, TestPluginCache: DataCollectors are ''.
TpTrace Information: 0 : 3928, 1, 2023/07/19, 14:25:29.597, 134004262246, vstest.console.dll, TestPluginManager.CreateTestExtension: Attempting to load test extension: Microsoft.TestPlatform.Extensions.BlameDataCollector.BlameLogger
TpTrace Verbose: 0 : 3928, 1, 2023/07/19, 14:25:29.608, 134004365674, vstest.console.dll, TestEngine: Initializing Parallel Execution as MaxCpuCount is set to: 1
TpTrace Information: 0 : 3928, 1, 2023/07/19, 14:25:29.610, 134004390604, vstest.console.dll, TestPluginManager.CreateTestExtension: Attempting to load test extension: Microsoft.VisualStudio.TestPlatform.CrossPlatEngine.Hosting.DefaultTestHostManager
TpTrace Information: 0 : 3928, 1, 2023/07/19, 14:25:29.611, 134004404448, vstest.console.dll, TestPluginManager.CreateTestExtension: Attempting to load test extension: Microsoft.VisualStudio.TestPlatform.CrossPlatEngine.Hosting.DotnetTestHostManager
TpTrace Information: 0 : 3928, 1, 2023/07/19, 14:25:29.612, 134004413824, vstest.console.dll, InferRunSettingsHelper.IsTestSettingsEnabled: Unable to navigate to RunSettings/MSTest. Current node: RunSettings
TpTrace Verbose: 0 : 3928, 1, 2023/07/19, 14:25:29.618, 134004468910, vstest.console.dll, TestEngine.GetExecutionManager: Chosen execution manager 'Microsoft.VisualStudio.TestPlatform.CrossPlatEngine.Client.Parallel.ParallelProxyExecutionManager, Microsoft.TestPlatform.CrossPlatEngine, Version=15.0.0.0, Culture=neutral, PublicKeyToken=b03f5f7f11d50a3a' ParallelLevel '1'.
TpTrace Verbose: 0 : 3928, 1, 2023/07/19, 14:25:29.618, 134004472982, vstest.console.dll, TestRunRequest.ExecuteAsync: Creating test run request.
TpTrace Verbose: 0 : 3928, 1, 2023/07/19, 14:25:29.619, 134004477724, vstest.console.dll, TestRunRequest.ExecuteAsync: Starting.
TpTrace Information: 0 : 3928, 1, 2023/07/19, 14:25:29.619, 134004483063, vstest.console.dll, TestRunRequest.ExecuteAsync: Starting run with settings:TestRunCriteria:
   KeepAlive=False,FrequencyOfRunStatsChangeEvent=10,RunStatsChangeEventTimeout=00:00:01.5000000,TestCaseFilter=,TestExecutorLauncher=
   Settingsxml=<RunSettings>
  <RunConfiguration>
    <ResultsDirectory>C:\Users\Coditas\source\repos\EmployeeManagementAPI\EmployeeManagement.Tests\bin\Debug\net6.0\fine-code-coverage\coverage-tool-output</ResultsDirectory>
    <TargetPlatform>X64</TargetPlatform>
    <TargetFrameworkVersion>.NETCoreApp,Version=v6.0</TargetFrameworkVersion>
    <DesignMode>False</DesignMode>
    <CollectSourceInformation>False</CollectSourceInformation>
  </RunConfiguration>
  <LoggerRunSettings>
    <Loggers>
      <Logger friendlyName="blame" enabled="True" />
      <Logger friendlyName="Console" uri="logger://microsoft/TestPlatform/ConsoleLogger/v1" assemblyQualifiedName="Microsoft.VisualStudio.TestPlatform.CommandLine.Internal.ConsoleLogger, vstest.console, Version=15.0.0.0, Culture=neutral, PublicKeyToken=b03f5f7f11d50a3a" codeBase="C:\Program Files\dotnet\sdk\7.0.203\vstest.console.dll" enabled="True" />
    </Loggers>
  </LoggerRunSettings>
  <DataCollectionRunSettings>
    <DataCollectors>
      <DataCollector friendlyName="blame" enabled="True">
        <Configuration>
          <ResultsDirectory>C:\Users\Coditas\source\repos\EmployeeManagementAPI\EmployeeManagement.Tests\bin\Debug\net6.0\fine-code-coverage\coverage-tool-output</ResultsDirectory>
        </Configuration>
      </DataCollector>
    </DataCollectors>
  </DataCollectionRunSettings>
</RunSettings>

TpTrace Verbose: 0 : 3928, 1, 2023/07/19, 14:25:29.619, 134004484484, vstest.console.dll, TestRunRequest.ExecuteAsync: Wait for the first run request is over.
TpTrace Verbose: 0 : 3928, 1, 2023/07/19, 14:25:29.620, 134004489230, vstest.console.dll, MulticastDelegateUtilities.SafeInvoke: TestRun.TestRunStart: Invoking callbacks was skipped because there are no subscribers.
TpTrace Verbose: 0 : 3928, 4, 2023/07/19, 14:25:29.620, 134004492566, vstest.console.dll, MulticastDelegateUtilities.SafeInvoke: InternalTestLoggerEvents.SendTestRunStart: Invoking callback 1/1 for Microsoft.VisualStudio.TestPlatform.CommandLine.Internal.ConsoleLogger., took 0 ms.
TpTrace Verbose: 0 : 3928, 1, 2023/07/19, 14:25:29.622, 134004507409, vstest.console.dll, ParallelProxyExecutionManager: Start execution. Total sources: 1
TpTrace Verbose: 0 : 3928, 1, 2023/07/19, 14:25:29.624, 134004527175, vstest.console.dll, TestRequestSender is acting as server.
TpTrace Verbose: 0 : 3928, 1, 2023/07/19, 14:25:29.630, 134004590528, vstest.console.dll, DataCollectionRequestSender.InitializeCommunication : Initialize communication. 
TpTrace Information: 0 : 3928, 1, 2023/07/19, 14:25:29.638, 134004665222, vstest.console.dll, Listening on Endpoint : 127.0.0.1:54920
TpTrace Verbose: 0 : 3928, 1, 2023/07/19, 14:25:29.650, 134004790634, vstest.console.dll, DotnetDataCollectionLauncher: Adding  --runtimeconfig "C:\Program Files\dotnet\sdk\7.0.203\datacollector.runtimeconfig.json" in args
TpTrace Verbose: 0 : 3928, 1, 2023/07/19, 14:25:29.651, 134004799856, vstest.console.dll, DotnetDataCollectionLauncher: Adding  --depsfile "C:\Program Files\dotnet\sdk\7.0.203\datacollector.deps.json" in args
TpTrace Verbose: 0 : 3928, 1, 2023/07/19, 14:25:29.652, 134004805596, vstest.console.dll, DotnetDataCollectionLauncher: Full path of dotnet.exe is C:\Program Files\dotnet\dotnet.exe
TpTrace Information: 0 : 3928, 1, 2023/07/19, 14:25:29.669, 134004979185, vstest.console.dll, ProxyDataCollectionManager.Initialize: Launched datacollector processId: 1636 port: 54920
TpTrace Information: 0 : 3928, 1, 2023/07/19, 14:25:29.670, 134004991488, vstest.console.dll, ProxyDataCollectionManager.Initialize: waiting for connection with timeout: 90 seconds
TpTrace Verbose: 0 : 3928, 1, 2023/07/19, 14:25:29.671, 134004998359, vstest.console.dll, DataCollectionRequestSender.WaitForRequestHandlerConnection : Waiting for connection with timeout: 90000
TpTrace Information: 0 : 3928, 7, 2023/07/19, 14:25:29.957, 134007857832, vstest.console.dll, Using the buffer size of 16384 bytes
TpTrace Verbose: 0 : 3928, 1, 2023/07/19, 14:25:29.957, 134007858020, vstest.console.dll, SocketCommunicationManager.WaitForClientConnection took: 285 ms, with 90000 ms timeout, and finished with True.
TpTrace Verbose: 0 : 3928, 1, 2023/07/19, 14:25:29.958, 134007866203, vstest.console.dll, ProxyDataCollectionManager.InvokeDataCollectionServiceAction: Starting.
TpTrace Information: 0 : 3928, 1, 2023/07/19, 14:25:29.958, 134007868400, vstest.console.dll, ProxyDataCollectionManager.BeforeTestRunStart: Get environment variable and port for datacollector processId: 1636 port: 54920
TpTrace Verbose: 0 : 3928, 1, 2023/07/19, 14:25:29.958, 134007871532, vstest.console.dll, DataCollectionRequestSender.SendBeforeTestRunStartAndGetResult: Send BeforeTestRunStart message with settingsXml <RunSettings><RunConfiguration><ResultsDirectory>C:\Users\Coditas\source\repos\EmployeeManagementAPI\EmployeeManagement.Tests\bin\Debug\net6.0\fine-code-coverage\coverage-tool-output</ResultsDirectory><TargetPlatform>X64</TargetPlatform><TargetFrameworkVersion>.NETCoreApp,Version=v6.0</TargetFrameworkVersion><DesignMode>False</DesignMode><CollectSourceInformation>False</CollectSourceInformation><TestAdaptersPaths>C:\Program Files\dotnet\sdk\7.0.203\Extensions</TestAdaptersPaths></RunConfiguration><LoggerRunSettings><Loggers><Logger friendlyName="blame" enabled="True" /><Logger friendlyName="Console" uri="logger://microsoft/TestPlatform/ConsoleLogger/v1" assemblyQualifiedName="Microsoft.VisualStudio.TestPlatform.CommandLine.Internal.ConsoleLogger, vstest.console, Version=15.0.0.0, Culture=neutral, PublicKeyToken=b03f5f7f11d50a3a" codeBase="C:\Program Files\dotnet\sdk\7.0.203\vstest.console.dll" enabled="True" /></Loggers></LoggerRunSettings><DataCollectionRunSettings><DataCollectors><DataCollector friendlyName="blame" enabled="True"><Configuration><ResultsDirectory>C:\Users\Coditas\source\repos\EmployeeManagementAPI\EmployeeManagement.Tests\bin\Debug\net6.0\fine-code-coverage\coverage-tool-output</ResultsDirectory></Configuration></DataCollector></DataCollectors></DataCollectionRunSettings></RunSettings> and sources System.Collections.Generic.List`1[System.String]: 
TpTrace Information: 0 : 3928, 7, 2023/07/19, 14:25:29.958, 134007871720, vstest.console.dll, Accepted Client request and set the flag
TpTrace Verbose: 0 : 3928, 1, 2023/07/19, 14:25:30.086, 134009151848, vstest.console.dll, DataCollectionRequestSender.SendBeforeTestRunStartAndGetResult: Received message: (DataCollection.SendMessage) -> {"MessageType":"DataCollection.SendMessage","Payload":{"FriendlyName":null,"Uri":null,"TestCaseId":"00000000-0000-0000-0000-000000000000","Message":"Logging DataCollector Diagnostics in file: C:\\Users\\Coditas\\source\\repos\\EmployeeManagementAPI\\EmployeeManagement.Tests\\bin\\Debug\\net6.0\\fine-code-coverage\\coverage-tool-output\\diagnostics.datacollector.23-07-19_14-25-29_64959_1.log","Level":0}}
TpTrace Verbose: 0 : 3928, 1, 2023/07/19, 14:25:30.219, 134010480311, vstest.console.dll, DataCollectionRequestSender.SendBeforeTestRunStartAndGetResult: Received message: (DataCollection.BeforeTestRunStartResult) -> {"MessageType":"DataCollection.BeforeTestRunStartResult","Payload":{"EnvironmentVariables":{},"DataCollectionEventsPort":54922}}
TpTrace Information: 0 : 3928, 1, 2023/07/19, 14:25:30.226, 134010546201, vstest.console.dll, ProxyDataCollectionManager.BeforeTestRunStart: SendBeforeTestRunStartAndGetResult successful, env variable from datacollector:   and testhost port: 54922
TpTrace Information: 0 : 3928, 1, 2023/07/19, 14:25:30.226, 134010548646, vstest.console.dll, ProxyDataCollectionManager.InvokeDataCollectionServiceAction: Completed.
TpTrace Verbose: 0 : 3928, 7, 2023/07/19, 14:25:30.226, 134010552064, vstest.console.dll, ParallelProxyExecutionManager: Execution started. Started clients: 1
TpTrace Verbose: 0 : 3928, 1, 2023/07/19, 14:25:30.226, 134010552423, vstest.console.dll, ProxyParallelExecutionManager: No sources available for execution.
TpTrace Information: 0 : 3928, 1, 2023/07/19, 14:25:30.227, 134010556630, vstest.console.dll, TestRunRequest.ExecuteAsync: Started.
TpTrace Verbose: 0 : 3928, 1, 2023/07/19, 14:25:30.227, 134010559093, vstest.console.dll, TestRunRequest.WaitForCompletion: Waiting with timeout -1.
TpTrace Verbose: 0 : 3928, 7, 2023/07/19, 14:25:30.227, 134010560449, vstest.console.dll, TestRunRequest:SendTestRunMessage: Starting.
TpTrace Verbose: 0 : 3928, 7, 2023/07/19, 14:25:30.227, 134010564698, vstest.console.dll, MulticastDelegateUtilities.SafeInvoke: TestRun.LogMessages: Invoking callback 1/1 for Microsoft.VisualStudio.TestPlatform.CommandLine.TestRunResultAggregator., took 0 ms.
TpTrace Information: 0 : 3928, 7, 2023/07/19, 14:25:30.228, 134010566120, vstest.console.dll, TestRunRequest:SendTestRunMessage: Completed.
TpTrace Verbose: 0 : 3928, 4, 2023/07/19, 14:25:30.228, 134010567709, vstest.console.dll, MulticastDelegateUtilities.SafeInvoke: InternalTestLoggerEvents.SendTestRunMessage: Invoking callback 1/1 for Microsoft.VisualStudio.TestPlatform.CommandLine.Internal.ConsoleLogger., took 0 ms.
TpTrace Verbose: 0 : 3928, 7, 2023/07/19, 14:25:30.228, 134010570040, vstest.console.dll, ProxyExecutionManager: Test host is always Lazy initialize.
TpTrace Verbose: 0 : 3928, 7, 2023/07/19, 14:25:30.228, 134010574589, vstest.console.dll, TestRequestSender.InitializeCommunication: initialize communication. 
TpTrace Information: 0 : 3928, 7, 2023/07/19, 14:25:30.229, 134010582777, vstest.console.dll, SocketServer.Start: Listening on endpoint : 127.0.0.1:54923
TpTrace Verbose: 0 : 3928, 7, 2023/07/19, 14:25:30.230, 134010594455, vstest.console.dll, DotnetTestHostmanager.GetTestHostProcessStartInfo: Platform environment 'X64' target architecture 'X64' framework '.NETCoreApp,Version=v6.0' OS 'Windows'
TpTrace Verbose: 0 : 3928, 7, 2023/07/19, 14:25:30.231, 134010600113, vstest.console.dll, DotnetTestHostmanager: Adding  --runtimeconfig "C:\Users\Coditas\source\repos\EmployeeManagementAPI\EmployeeManagement.Tests\bin\Debug\net6.0\fine-code-coverage\build-output\EmployeeManagement.NunitTests.runtimeconfig.json" in args
TpTrace Verbose: 0 : 3928, 7, 2023/07/19, 14:25:30.232, 134010605326, vstest.console.dll, DotnetTestHostmanager: Adding  --depsfile "C:\Users\Coditas\source\repos\EmployeeManagementAPI\EmployeeManagement.Tests\bin\Debug\net6.0\fine-code-coverage\build-output\EmployeeManagement.NunitTests.deps.json" in args
TpTrace Verbose: 0 : 3928, 7, 2023/07/19, 14:25:30.232, 134010609949, vstest.console.dll, DotnetTestHostmanager.IsWinOnArm: Current PROCESSOR_ARCHITECTURE from environment variable 'AMD64'
TpTrace Verbose: 0 : 3928, 7, 2023/07/19, 14:25:30.232, 134010612303, vstest.console.dll, DotnetTestHostmanager.IsWinOnArm: Is Windows on ARM 'False'
TpTrace Verbose: 0 : 3928, 7, 2023/07/19, 14:25:30.233, 134010616879, vstest.console.dll, DotnetTestHostManager: testhost.exe found at path: C:\Users\Coditas\source\repos\EmployeeManagementAPI\EmployeeManagement.Tests\bin\Debug\net6.0\fine-code-coverage\build-output\testhost.exe
TpTrace Verbose: 0 : 3928, 7, 2023/07/19, 14:25:30.233, 134010619268, vstest.console.dll, DotnetTestHostmanager: Full path of host exe is C:\Users\Coditas\source\repos\EmployeeManagementAPI\EmployeeManagement.Tests\bin\Debug\net6.0\fine-code-coverage\build-output\testhost.exe
TpTrace Verbose: 0 : 3928, 7, 2023/07/19, 14:25:30.233, 134010624056, vstest.console.dll, DotnetTestHostmanager.LaunchTestHostAsync: Found 'VSTEST_WINAPPHOST_DOTNET_ROOT' in env variables, value 'C:\Program Files\dotnet', forwarding to 'DOTNET_ROOT'
TpTrace Verbose: 0 : 3928, 7, 2023/07/19, 14:25:30.234, 134010634440, vstest.console.dll, DotnetTestHostManager: Starting process 'C:\Users\Coditas\source\repos\EmployeeManagementAPI\EmployeeManagement.Tests\bin\Debug\net6.0\fine-code-coverage\build-output\testhost.exe' with command line ' --runtimeconfig "C:\Users\Coditas\source\repos\EmployeeManagementAPI\EmployeeManagement.Tests\bin\Debug\net6.0\fine-code-coverage\build-output\EmployeeManagement.NunitTests.runtimeconfig.json" --depsfile "C:\Users\Coditas\source\repos\EmployeeManagementAPI\EmployeeManagement.Tests\bin\Debug\net6.0\fine-code-coverage\build-output\EmployeeManagement.NunitTests.deps.json" --port 54923 --endpoint 127.0.0.1:054923 --role client --parentprocessid 3928 --diag "C:\Users\Coditas\source\repos\EmployeeManagementAPI\EmployeeManagement.Tests\bin\Debug\net6.0\fine-code-coverage\coverage-tool-output\diagnostics.host.23-07-19_14-25-30_23045_7.log" --tracelevel 4 --datacollectionport 54922 --telemetryoptedin false'
TpTrace Verbose: 0 : 3928, 7, 2023/07/19, 14:25:30.250, 134010785849, vstest.console.dll, MulticastDelegateUtilities.SafeInvoke: HostProviderEvents.OnHostLaunched: Invoking callback 1/2 for Microsoft.VisualStudio.TestPlatform.CrossPlatEngine.Client.ProxyExecutionManagerWithDataCollection., took 2 ms.
TpTrace Verbose: 0 : 3928, 7, 2023/07/19, 14:25:30.251, 134010802245, vstest.console.dll, Test Runtime launched
TpTrace Verbose: 0 : 3928, 7, 2023/07/19, 14:25:30.252, 134010805818, vstest.console.dll, MulticastDelegateUtilities.SafeInvoke: HostProviderEvents.OnHostLaunched: Invoking callback 2/2 for Microsoft.VisualStudio.TestPlatform.CrossPlatEngine.Client.ProxyOperationManager., took 1 ms.
TpTrace Verbose: 0 : 3928, 7, 2023/07/19, 14:25:30.252, 134010810099, vstest.console.dll, TestRequestSender.WaitForRequestHandlerConnection: waiting for connection with timeout: 90000.
TpTrace Verbose: 0 : 3928, 12, 2023/07/19, 14:25:30.568, 134013973379, vstest.console.dll, MulticastDelegateUtilities.SafeInvoke: SocketServer: ClientConnected: Invoking callback 1/1 for Microsoft.VisualStudio.TestPlatform.CommunicationUtilities.TestRequestSender., took 0 ms.
TpTrace Verbose: 0 : 3928, 7, 2023/07/19, 14:25:30.568, 134013973379, vstest.console.dll, TestRequestSender.WaitForRequestHandlerConnection: waiting took 316 ms, with timeout 90000 ms, and result 0, which is success.
TpTrace Verbose: 0 : 3928, 12, 2023/07/19, 14:25:30.569, 134013976095, vstest.console.dll, SocketServer.OnClientConnected: Client connected for endPoint: 127.0.0.1:54923, starting MessageLoopAsync:
TpTrace Verbose: 0 : 3928, 12, 2023/07/19, 14:25:30.569, 134013981848, vstest.console.dll, TcpClientExtensions.MessageLoopAsync: Polling on remoteEndPoint: 127.0.0.1:54924 localEndPoint: 127.0.0.1:54923
TpTrace Verbose: 0 : 3928, 7, 2023/07/19, 14:25:30.571, 134013999136, vstest.console.dll, TestRequestSender.CheckVersionWithTestHost: Sending check version message: {"MessageType":"ProtocolVersion","Payload":7}
TpTrace Verbose: 0 : 3928, 12, 2023/07/19, 14:25:30.813, 134016420369, vstest.console.dll, TcpClientExtensions.MessageLoopAsync: NotifyDataAvailable remoteEndPoint: 127.0.0.1:54924 localEndPoint: 127.0.0.1:54923
TpTrace Verbose: 0 : 3928, 12, 2023/07/19, 14:25:30.814, 134016425499, vstest.console.dll, TestRequestSender.CheckVersionWithTestHost: onMessageReceived received message: (ProtocolVersion) -> {"MessageType":"ProtocolVersion","Payload":7}
TpTrace Verbose: 0 : 3928, 12, 2023/07/19, 14:25:30.815, 134016441423, vstest.console.dll, MulticastDelegateUtilities.SafeInvoke: LengthPrefixCommunicationChannel: MessageReceived: Invoking callback 1/1 for Microsoft.VisualStudio.TestPlatform.CommunicationUtilities.TestRequestSender+<>c__DisplayClass29_0., took 1 ms.
TpTrace Verbose: 0 : 3928, 12, 2023/07/19, 14:25:30.815, 134016444786, vstest.console.dll, TcpClientExtensions.MessageLoopAsync: Polling on remoteEndPoint: 127.0.0.1:54924 localEndPoint: 127.0.0.1:54923
TpTrace Verbose: 0 : 3928, 7, 2023/07/19, 14:25:30.815, 134016442716, vstest.console.dll, TestPluginCache.GetExtensionPaths: Filtered extension paths: 
TpTrace Verbose: 0 : 3928, 7, 2023/07/19, 14:25:30.816, 134016448837, vstest.console.dll, TestPluginCache.GetExtensionPaths: Added default extension paths: C:\Program Files\dotnet\sdk\7.0.203\Extensions\Microsoft.Diagnostics.NETCore.Client.dll
C:\Program Files\dotnet\sdk\7.0.203\Extensions\Microsoft.TestPlatform.Extensions.BlameDataCollector.dll
C:\Program Files\dotnet\sdk\7.0.203\Extensions\Microsoft.TestPlatform.Extensions.EventLogCollector.dll
C:\Program Files\dotnet\sdk\7.0.203\Extensions\Microsoft.TestPlatform.TestHostRuntimeProvider.dll
C:\Program Files\dotnet\sdk\7.0.203\Extensions\Microsoft.VisualStudio.TestPlatform.Extensions.Html.TestLogger.dll
C:\Program Files\dotnet\sdk\7.0.203\Extensions\Microsoft.VisualStudio.TestPlatform.Extensions.Trx.TestLogger.dll
TpTrace Verbose: 0 : 3928, 7, 2023/07/19, 14:25:30.816, 134016450842, vstest.console.dll, TestPluginCache.GetExtensionPaths: Added unfilterableExtensionPaths: 
TpTrace Verbose: 0 : 3928, 7, 2023/07/19, 14:25:30.824, 134016527716, vstest.console.dll, TestRequestSender.InitializeExecution: Sending initialize execution with message: {"Version":7,"MessageType":"TestExecution.Initialize","Payload":["C:\\Users\\Coditas\\source\\repos\\EmployeeManagementAPI\\EmployeeManagement.Tests\\bin\\Debug\\net6.0\\fine-code-coverage\\build-output\\NUnit3.TestAdapter.dll"]}
TpTrace Warning: 0 : 3928, 7, 2023/07/19, 14:25:30.825, 134016536857, vstest.console.dll, InferRunSettingsHelper.MakeRunsettingsCompatible: Removing the following settings: TargetPlatform from RunSettings file. To use those settings please move to latest version of Microsoft.NET.Test.Sdk
TpTrace Verbose: 0 : 3928, 12, 2023/07/19, 14:25:30.825, 134016542227, vstest.console.dll, TcpClientExtensions.MessageLoopAsync: NotifyDataAvailable remoteEndPoint: 127.0.0.1:54924 localEndPoint: 127.0.0.1:54923
TpTrace Verbose: 0 : 3928, 12, 2023/07/19, 14:25:30.826, 134016546383, vstest.console.dll, LengthPrefixCommunicationChannel.NotifyDataAvailable: New data are waiting to be received, but there is no subscriber to be notified. Not reading them from the stream.
TpTrace Verbose: 0 : 3928, 12, 2023/07/19, 14:25:30.826, 134016548357, vstest.console.dll, TcpClientExtensions.MessageLoopAsync: Polling on remoteEndPoint: 127.0.0.1:54924 localEndPoint: 127.0.0.1:54923
TpTrace Verbose: 0 : 3928, 12, 2023/07/19, 14:25:30.826, 134016551835, vstest.console.dll, TcpClientExtensions.MessageLoopAsync: NotifyDataAvailable remoteEndPoint: 127.0.0.1:54924 localEndPoint: 127.0.0.1:54923
TpTrace Verbose: 0 : 3928, 12, 2023/07/19, 14:25:30.827, 134016558579, vstest.console.dll, TestRequestSender.OnExecutionMessageReceived: Received message: {"Version":7,"MessageType":"TestSession.Message","Payload":{"MessageLevel":0,"Message":"Logging TestHost Diagnostics in file: C:\\Users\\Coditas\\source\\repos\\EmployeeManagementAPI\\EmployeeManagement.Tests\\bin\\Debug\\net6.0\\fine-code-coverage\\coverage-tool-output\\diagnostics.host.23-07-19_14-25-30_23045_7.log"}}
TpTrace Verbose: 0 : 3928, 12, 2023/07/19, 14:25:30.833, 134016615974, vstest.console.dll, TestRunRequest:SendTestRunMessage: Starting.
TpTrace Verbose: 0 : 3928, 12, 2023/07/19, 14:25:30.833, 134016621469, vstest.console.dll, MulticastDelegateUtilities.SafeInvoke: TestRun.LogMessages: Invoking callback 1/1 for Microsoft.VisualStudio.TestPlatform.CommandLine.TestRunResultAggregator., took 0 ms.
TpTrace Verbose: 0 : 3928, 4, 2023/07/19, 14:25:30.833, 134016621719, vstest.console.dll, MulticastDelegateUtilities.SafeInvoke: InternalTestLoggerEvents.SendTestRunMessage: Invoking callback 1/1 for Microsoft.VisualStudio.TestPlatform.CommandLine.Internal.ConsoleLogger., took 0 ms.
TpTrace Information: 0 : 3928, 12, 2023/07/19, 14:25:30.834, 134016624858, vstest.console.dll, TestRunRequest:SendTestRunMessage: Completed.
TpTrace Verbose: 0 : 3928, 12, 2023/07/19, 14:25:30.834, 134016630202, vstest.console.dll, MulticastDelegateUtilities.SafeInvoke: LengthPrefixCommunicationChannel: MessageReceived: Invoking callback 1/1 for Microsoft.VisualStudio.TestPlatform.CommunicationUtilities.TestRequestSender+<>c__DisplayClass34_0., took 7 ms.
TpTrace Verbose: 0 : 3928, 12, 2023/07/19, 14:25:30.834, 134016633870, vstest.console.dll, TcpClientExtensions.MessageLoopAsync: Polling on remoteEndPoint: 127.0.0.1:54924 localEndPoint: 127.0.0.1:54923
TpTrace Verbose: 0 : 3928, 7, 2023/07/19, 14:25:30.842, 134016705602, vstest.console.dll, TestRequestSender.StartTestRun: Sending test run with message: {"Version":7,"MessageType":"TestExecution.StartWithSources","Payload":{"AdapterSourceMap":{"_none_":["C:\\Users\\Coditas\\source\\repos\\EmployeeManagementAPI\\EmployeeManagement.Tests\\bin\\Debug\\net6.0\\fine-code-coverage\\build-output\\EmployeeManagement.NunitTests.dll"]},"RunSettings":"<RunSettings>\r\n  <RunConfiguration>\r\n    <ResultsDirectory>C:\\Users\\Coditas\\source\\repos\\EmployeeManagementAPI\\EmployeeManagement.Tests\\bin\\Debug\\net6.0\\fine-code-coverage\\coverage-tool-output</ResultsDirectory>\r\n    <TargetFrameworkVersion>.NETCoreApp,Version=v6.0</TargetFrameworkVersion>\r\n    <DesignMode>False</DesignMode>\r\n    <CollectSourceInformation>False</CollectSourceInformation>\r\n  </RunConfiguration>\r\n  <LoggerRunSettings>\r\n    <Loggers>\r\n      <Logger friendlyName=\"blame\" enabled=\"True\" />\r\n      <Logger friendlyName=\"Console\" uri=\"logger://microsoft/TestPlatform/ConsoleLogger/v1\" assemblyQualifiedName=\"Microsoft.VisualStudio.TestPlatform.CommandLine.Internal.ConsoleLogger, vstest.console, Version=15.0.0.0, Culture=neutral, PublicKeyToken=b03f5f7f11d50a3a\" codeBase=\"C:\\Program Files\\dotnet\\sdk\\7.0.203\\vstest.console.dll\" enabled=\"True\" />\r\n    </Loggers>\r\n  </LoggerRunSettings>\r\n  <DataCollectionRunSettings>\r\n    <DataCollectors>\r\n      <DataCollector friendlyName=\"blame\" enabled=\"True\">\r\n        <Configuration>\r\n          <ResultsDirectory>C:\\Users\\Coditas\\source\\repos\\EmployeeManagementAPI\\EmployeeManagement.Tests\\bin\\Debug\\net6.0\\fine-code-coverage\\coverage-tool-output</ResultsDirectory>\r\n        </Configuration>\r\n      </DataCollector>\r\n    </DataCollectors>\r\n  </DataCollectionRunSettings>\r\n</RunSettings>","TestExecutionContext":{"FrequencyOfRunStatsChangeEvent":10,"RunStatsChangeEventTimeout":"00:00:01.5000000","InIsolation":false,"KeepAlive":false,"AreTestCaseLevelEventsRequired":false,"IsDebug":false,"TestCaseFilter":null,"FilterOptions":null},"Package":null}}
TpTrace Verbose: 0 : 3928, 12, 2023/07/19, 14:25:31.262, 134020910511, vstest.console.dll, TcpClientExtensions.MessageLoopAsync: NotifyDataAvailable remoteEndPoint: 127.0.0.1:54924 localEndPoint: 127.0.0.1:54923
TpTrace Verbose: 0 : 3928, 12, 2023/07/19, 14:25:31.262, 134020913925, vstest.console.dll, TestRequestSender.OnExecutionMessageReceived: Received message: {"Version":7,"MessageType":"TestSession.Message","Payload":{"MessageLevel":0,"Message":"NUnit Adapter 4.4.0.0: Test execution started"}}
TpTrace Verbose: 0 : 3928, 12, 2023/07/19, 14:25:31.263, 134020920305, vstest.console.dll, TestRunRequest:SendTestRunMessage: Starting.
TpTrace Verbose: 0 : 3928, 12, 2023/07/19, 14:25:31.263, 134020922681, vstest.console.dll, MulticastDelegateUtilities.SafeInvoke: TestRun.LogMessages: Invoking callback 1/1 for Microsoft.VisualStudio.TestPlatform.CommandLine.TestRunResultAggregator., took 0 ms.
TpTrace Information: 0 : 3928, 12, 2023/07/19, 14:25:31.263, 134020924271, vstest.console.dll, TestRunRequest:SendTestRunMessage: Completed.
TpTrace Verbose: 0 : 3928, 4, 2023/07/19, 14:25:31.263, 134020923199, vstest.console.dll, MulticastDelegateUtilities.SafeInvoke: InternalTestLoggerEvents.SendTestRunMessage: Invoking callback 1/1 for Microsoft.VisualStudio.TestPlatform.CommandLine.Internal.ConsoleLogger., took 0 ms.
TpTrace Verbose: 0 : 3928, 12, 2023/07/19, 14:25:31.264, 134020926861, vstest.console.dll, MulticastDelegateUtilities.SafeInvoke: LengthPrefixCommunicationChannel: MessageReceived: Invoking callback 1/1 for Microsoft.VisualStudio.TestPlatform.CommunicationUtilities.TestRequestSender+<>c__DisplayClass34_0., took 1 ms.
TpTrace Verbose: 0 : 3928, 12, 2023/07/19, 14:25:31.264, 134020930250, vstest.console.dll, TcpClientExtensions.MessageLoopAsync: Polling on remoteEndPoint: 127.0.0.1:54924 localEndPoint: 127.0.0.1:54923
TpTrace Verbose: 0 : 3928, 12, 2023/07/19, 14:25:31.304, 134021333854, vstest.console.dll, TcpClientExtensions.MessageLoopAsync: NotifyDataAvailable remoteEndPoint: 127.0.0.1:54924 localEndPoint: 127.0.0.1:54923
TpTrace Verbose: 0 : 3928, 12, 2023/07/19, 14:25:31.305, 134021336796, vstest.console.dll, TestRequestSender.OnExecutionMessageReceived: Received message: {"Version":7,"MessageType":"TestSession.Message","Payload":{"MessageLevel":0,"Message":"Running all tests in C:\\Users\\Coditas\\source\\repos\\EmployeeManagementAPI\\EmployeeManagement.Tests\\bin\\Debug\\net6.0\\fine-code-coverage\\build-output\\EmployeeManagement.NunitTests.dll"}}
TpTrace Verbose: 0 : 3928, 12, 2023/07/19, 14:25:31.305, 134021339292, vstest.console.dll, TestRunRequest:SendTestRunMessage: Starting.
TpTrace Verbose: 0 : 3928, 12, 2023/07/19, 14:25:31.305, 134021341120, vstest.console.dll, MulticastDelegateUtilities.SafeInvoke: TestRun.LogMessages: Invoking callback 1/1 for Microsoft.VisualStudio.TestPlatform.CommandLine.TestRunResultAggregator., took 0 ms.
TpTrace Information: 0 : 3928, 12, 2023/07/19, 14:25:31.305, 134021342419, vstest.console.dll, TestRunRequest:SendTestRunMessage: Completed.
TpTrace Verbose: 0 : 3928, 12, 2023/07/19, 14:25:31.305, 134021343607, vstest.console.dll, MulticastDelegateUtilities.SafeInvoke: LengthPrefixCommunicationChannel: MessageReceived: Invoking callback 1/1 for Microsoft.VisualStudio.TestPlatform.CommunicationUtilities.TestRequestSender+<>c__DisplayClass34_0., took 0 ms.
TpTrace Verbose: 0 : 3928, 4, 2023/07/19, 14:25:31.305, 134021341440, vstest.console.dll, MulticastDelegateUtilities.SafeInvoke: InternalTestLoggerEvents.SendTestRunMessage: Invoking callback 1/1 for Microsoft.VisualStudio.TestPlatform.CommandLine.Internal.ConsoleLogger., took 0 ms.
TpTrace Verbose: 0 : 3928, 12, 2023/07/19, 14:25:31.306, 134021344970, vstest.console.dll, TcpClientExtensions.MessageLoopAsync: Polling on remoteEndPoint: 127.0.0.1:54924 localEndPoint: 127.0.0.1:54923
TpTrace Verbose: 0 : 3928, 12, 2023/07/19, 14:25:31.490, 134023193488, vstest.console.dll, TcpClientExtensions.MessageLoopAsync: NotifyDataAvailable remoteEndPoint: 127.0.0.1:54924 localEndPoint: 127.0.0.1:54923
TpTrace Verbose: 0 : 3928, 12, 2023/07/19, 14:25:31.491, 134023196154, vstest.console.dll, TestRequestSender.OnExecutionMessageReceived: Received message: {"Version":7,"MessageType":"TestSession.Message","Payload":{"MessageLevel":0,"Message":"   NUnit3TestExecutor discovered 23 of 23 NUnit test cases using Current Discovery mode, Non-Explicit run"}}
TpTrace Verbose: 0 : 3928, 12, 2023/07/19, 14:25:31.491, 134023198514, vstest.console.dll, TestRunRequest:SendTestRunMessage: Starting.
TpTrace Verbose: 0 : 3928, 12, 2023/07/19, 14:25:31.491, 134023200304, vstest.console.dll, MulticastDelegateUtilities.SafeInvoke: TestRun.LogMessages: Invoking callback 1/1 for Microsoft.VisualStudio.TestPlatform.CommandLine.TestRunResultAggregator., took 0 ms.
TpTrace Information: 0 : 3928, 12, 2023/07/19, 14:25:31.491, 134023201999, vstest.console.dll, TestRunRequest:SendTestRunMessage: Completed.
TpTrace Verbose: 0 : 3928, 12, 2023/07/19, 14:25:31.491, 134023203598, vstest.console.dll, MulticastDelegateUtilities.SafeInvoke: LengthPrefixCommunicationChannel: MessageReceived: Invoking callback 1/1 for Microsoft.VisualStudio.TestPlatform.CommunicationUtilities.TestRequestSender+<>c__DisplayClass34_0., took 0 ms.
TpTrace Verbose: 0 : 3928, 12, 2023/07/19, 14:25:31.492, 134023205219, vstest.console.dll, TcpClientExtensions.MessageLoopAsync: Polling on remoteEndPoint: 127.0.0.1:54924 localEndPoint: 127.0.0.1:54923
TpTrace Verbose: 0 : 3928, 4, 2023/07/19, 14:25:31.491, 134023200981, vstest.console.dll, MulticastDelegateUtilities.SafeInvoke: InternalTestLoggerEvents.SendTestRunMessage: Invoking callback 1/1 for Microsoft.VisualStudio.TestPlatform.CommandLine.Internal.ConsoleLogger., took 0 ms.
TpTrace Verbose: 0 : 3928, 12, 2023/07/19, 14:25:31.883, 134027121504, vstest.console.dll, TcpClientExtensions.MessageLoopAsync: NotifyDataAvailable remoteEndPoint: 127.0.0.1:54924 localEndPoint: 127.0.0.1:54923
TpTrace Verbose: 0 : 3928, 12, 2023/07/19, 14:25:31.884, 134027126722, vstest.console.dll, TestRequestSender.OnExecutionMessageReceived: Received message: {"Version":7,"MessageType":"TestExecution.StatsChange","Payload":{"NewTestResults":[{"TestCase":{"Id":"a9dbe994-abc1-f97c-e3b0-44e67e34f0cf","FullyQualifiedName":"EmployeeManagement.NunitTests.ControllerTests.AccountControllerTests.Login_ReturnsBadRequest_WhenUserIsNotFound","DisplayName":"Login_ReturnsBadRequest_WhenUserIsNotFound","ExecutorUri":"executor://NUnit3TestExecutor","Source":"C:\\Users\\Coditas\\source\\repos\\EmployeeManagementAPI\\EmployeeManagement.Tests\\bin\\Debug\\net6.0\\fine-code-coverage\\build-output\\EmployeeManagement.NunitTests.dll","CodeFilePath":null,"LineNumber":0,"Properties":[{"Key":{"Id":"NUnit.Seed","Label":"Seed","Category":"","Description":"","Attributes":0,"ValueType":"System.String"},"Value":"484936772"}]},"Attachments":[],"Outcome":1,"ErrorMessage":null,"ErrorStackTrace":null,"DisplayName":"Login_ReturnsBadRequest_WhenUserIsNotFound","Messages":[],"ComputerName":"11078-LAP-0703","Duration":"00:00:00.2177160","StartTime":"2023-07-19T08:55:31.5378725+00:00","EndTime":"2023-07-19T08:55:31.7554925+00:00","Properties":[{"Key":{"Id":"NUnit.Seed","Label":"Seed","Category":"","Description":"","Attributes":0,"ValueType":"System.String"},"Value":"484936772"}]},{"TestCase":{"Id":"8c2e21a0-80bf-3425-3461-037aa1316366","FullyQualifiedName":"EmployeeManagement.NunitTests.ControllerTests.AccountControllerTests.Login_ReturnsJwtToken_WhenUserAuthorized","DisplayName":"Login_ReturnsJwtToken_WhenUserAuthorized","ExecutorUri":"executor://NUnit3TestExecutor","Source":"C:\\Users\\Coditas\\source\\repos\\EmployeeManagementAPI\\EmployeeManagement.Tests\\bin\\Debug\\net6.0\\fine-code-coverage\\build-output\\EmployeeManagement.NunitTests.dll","CodeFilePath":null,"LineNumber":0,"Properties":[{"Key":{"Id":"NUnit.Seed","Label":"Seed","Category":"","Description":"","Attributes":0,"ValueType":"System.String"},"Value":"1001277201"}]},"Attachments":[],"Outcome":1,"ErrorMessage":null,"ErrorStackTrace":null,"DisplayName":"Login_ReturnsJwtToken_WhenUserAuthorized","Messages":[],"ComputerName":"11078-LAP-0703","Duration":"00:00:00.0187890","StartTime":"2023-07-19T08:55:31.7573079+00:00","EndTime":"2023-07-19T08:55:31.776097+00:00","Properties":[{"Key":{"Id":"NUnit.Seed","Label":"Seed","Category":"","Description":"","Attributes":0,"ValueType":"System.String"},"Value":"1001277201"}]},{"TestCase":{"Id":"d8b93e84-6da7-fdbe-0ede-66879923f74f","FullyQualifiedName":"EmployeeManagement.NunitTests.ControllerTests.AccountControllerTests.Login_ReturnsUnAuthorized_WhenPasswordIsWrong","DisplayName":"Login_ReturnsUnAuthorized_WhenPasswordIsWrong","ExecutorUri":"executor://NUnit3TestExecutor","Source":"C:\\Users\\Coditas\\source\\repos\\EmployeeManagementAPI\\EmployeeManagement.Tests\\bin\\Debug\\net6.0\\fine-code-coverage\\build-output\\EmployeeManagement.NunitTests.dll","CodeFilePath":null,"LineNumber":0,"Properties":[{"Key":{"Id":"NUnit.Seed","Label":"Seed","Category":"","Description":"","Attributes":0,"ValueType":"System.String"},"Value":"947469793"}]},"Attachments":[],"Outcome":1,"ErrorMessage":null,"ErrorStackTrace":null,"DisplayName":"Login_ReturnsUnAuthorized_WhenPasswordIsWrong","Messages":[],"ComputerName":"11078-LAP-0703","Duration":"00:00:00.0041840","StartTime":"2023-07-19T08:55:31.7761439+00:00","EndTime":"2023-07-19T08:55:31.7803274+00:00","Properties":[{"Key":{"Id":"NUnit.Seed","Label":"Seed","Category":"","Description":"","Attributes":0,"ValueType":"System.String"},"Value":"947469793"}]},{"TestCase":{"Id":"f214c3d2-c169-2d64-7450-bf9660803e6a","FullyQualifiedName":"EmployeeManagement.NunitTests.ControllerTests.AccountControllerTests.Register_ReturnsBadRequest_WhenUserNotCreatedSuccessfully","DisplayName":"Register_ReturnsBadRequest_WhenUserNotCreatedSuccessfully","ExecutorUri":"executor://NUnit3TestExecutor","Source":"C:\\Users\\Coditas\\source\\repos\\EmployeeManagementAPI\\EmployeeManagement.Tests\\bin\\Debug\\net6.0\\fine-code-coverage\\build-output\\EmployeeManagement.NunitTests.dll","CodeFilePath":null,"LineNumber":0,"Properties":[{"Key":{"Id":"NUnit.Seed","Label":"Seed","Category":"","Description":"","Attributes":0,"ValueType":"System.String"},"Value":"2994762"}]},"Attachments":[],"Outcome":1,"ErrorMessage":null,"ErrorStackTrace":null,"DisplayName":"Register_ReturnsBadRequest_WhenUserNotCreatedSuccessfully","Messages":[],"ComputerName":"11078-LAP-0703","Duration":"00:00:00.0037130","StartTime":"2023-07-19T08:55:31.7803562+00:00","EndTime":"2023-07-19T08:55:31.7840691+00:00","Properties":[{"Key":{"Id":"NUnit.Seed","Label":"Seed","Category":"","Description":"","Attributes":0,"ValueType":"System.String"},"Value":"2994762"}]},{"TestCase":{"Id":"5ca94921-9751-f6fd-b402-4018bc7eebeb","FullyQualifiedName":"EmployeeManagement.NunitTests.ControllerTests.AccountControllerTests.Register_ReturnsOkResult_WhenUserCreatedSuccessfully","DisplayName":"Register_ReturnsOkResult_WhenUserCreatedSuccessfully","ExecutorUri":"executor://NUnit3TestExecutor","Source":"C:\\Users\\Coditas\\source\\repos\\EmployeeManagementAPI\\EmployeeManagement.Tests\\bin\\Debug\\net6.0\\fine-code-coverage\\build-output\\EmployeeManagement.NunitTests.dll","CodeFilePath":null,"LineNumber":0,"Properties":[{"Key":{"Id":"NUnit.Seed","Label":"Seed","Category":"","Description":"","Attributes":0,"ValueType":"System.String"},"Value":"1169917661"}]},"Attachments":[],"Outcome":1,"ErrorMessage":null,"ErrorStackTrace":null,"DisplayName":"Register_ReturnsOkResult_WhenUserCreatedSuccessfully","Messages":[],"ComputerName":"11078-LAP-0703","Duration":"00:00:00.0049170","StartTime":"2023-07-19T08:55:31.7840937+00:00","EndTime":"2023-07-19T08:55:31.7890104+00:00","Properties":[{"Key":{"Id":"NUnit.Seed","Label":"Seed","Category":"","Description":"","Attributes":0,"ValueType":"System.String"},"Value":"1169917661"}]},{"TestCase":{"Id":"61a52597-f701-db3c-b207-bf498ea8941d","FullyQualifiedName":"EmployeeManagement.NunitTests.ControllerTests.DepartmentControllerTests.GetAllDepartments_ReturnsAllDepartments_WhenDepartments","DisplayName":"GetAllDepartments_ReturnsAllDepartments_WhenDepartments","ExecutorUri":"executor://NUnit3TestExecutor","Source":"C:\\Users\\Coditas\\source\\repos\\EmployeeManagementAPI\\EmployeeManagement.Tests\\bin\\Debug\\net6.0\\fine-code-coverage\\build-output\\EmployeeManagement.NunitTests.dll","CodeFilePath":null,"LineNumber":0,"Properties":[{"Key":{"Id":"NUnit.Seed","Label":"Seed","Category":"","Description":"","Attributes":0,"ValueType":"System.String"},"Value":"2113843250"}]},"Attachments":[],"Outcome":1,"ErrorMessage":null,"ErrorStackTrace":null,"DisplayName":"GetAllDepartments_ReturnsAllDepartments_WhenDepartments","Messages":[],"ComputerName":"11078-LAP-0703","Duration":"00:00:00.0033250","StartTime":"2023-07-19T08:55:31.7919096+00:00","EndTime":"2023-07-19T08:55:31.7952342+00:00","Properties":[{"Key":{"Id":"NUnit.Seed","Label":"Seed","Category":"","Description":"","Attributes":0,"ValueType":"System.String"},"Value":"2113843250"}]},{"TestCase":{"Id":"dbe8e251-92b9-1458-2b2b-8a4207f98513","FullyQualifiedName":"EmployeeManagement.NunitTests.ControllerTests.DepartmentControllerTests.GetAllDepartments_ReturnsbadRequest_WhenDepartmentsNotFound","DisplayName":"GetAllDepartments_ReturnsbadRequest_WhenDepartmentsNotFound","ExecutorUri":"executor://NUnit3TestExecutor","Source":"C:\\Users\\Coditas\\source\\repos\\EmployeeManagementAPI\\EmployeeManagement.Tests\\bin\\Debug\\net6.0\\fine-code-coverage\\build-output\\EmployeeManagement.NunitTests.dll","CodeFilePath":null,"LineNumber":0,"Properties":[{"Key":{"Id":"NUnit.Seed","Label":"Seed","Category":"","Description":"","Attributes":0,"ValueType":"System.String"},"Value":"1734933090"}]},"Attachments":[],"Outcome":1,"ErrorMessage":null,"ErrorStackTrace":null,"DisplayName":"GetAllDepartments_ReturnsbadRequest_WhenDepartmentsNotFound","Messages":[],"ComputerName":"11078-LAP-0703","Duration":"00:00:00.0005240","StartTime":"2023-07-19T08:55:31.7952677+00:00","EndTime":"2023-07-19T08:55:31.7957914+00:00","Properties":[{"Key":{"Id":"NUnit.Seed","Label":"Seed","Category":"","Description":"","Attributes":0,"ValueType":"System.String"},"Value":"1734933090"}]},{"TestCase":{"Id":"207afce7-9d07-fe4b-d7bd-ba7b047fe0de","FullyQualifiedName":"EmployeeManagement.NunitTests.ControllerTests.EmployeeControllerTests.CreateEmployee_ShouldReturnBadRequestResult","DisplayName":"CreateEmployee_ShouldReturnBadRequestResult","ExecutorUri":"executor://NUnit3TestExecutor","Source":"C:\\Users\\Coditas\\source\\repos\\EmployeeManagementAPI\\EmployeeManagement.Tests\\bin\\Debug\\net6.0\\fine-code-coverage\\build-output\\EmployeeManagement.NunitTests.dll","CodeFilePath":null,"LineNumber":0,"Properties":[{"Key":{"Id":"NUnit.Seed","Label":"Seed","Category":"","Description":"","Attributes":0,"ValueType":"System.String"},"Value":"2143891963"}]},"Attachments":[],"Outcome":1,"ErrorMessage":null,"ErrorStackTrace":null,"DisplayName":"CreateEmployee_ShouldReturnBadRequestResult","Messages":[],"ComputerName":"11078-LAP-0703","Duration":"00:00:00.0322249","StartTime":"2023-07-19T08:55:31.7959286+00:00","EndTime":"2023-07-19T08:55:31.8281535+00:00","Properties":[{"Key":{"Id":"NUnit.Seed","Label":"Seed","Category":"","Description":"","Attributes":0,"ValueType":"System.String"},"Value":"2143891963"}]},{"TestCase":{"Id":"26f68a7e-e709-f793-67db-26ff8727cf38","FullyQualifiedName":"EmployeeManagement.NunitTests.ControllerTests.EmployeeControllerTests.CreateEmployee_ShouldReturnOkResult","DisplayName":"CreateEmployee_ShouldReturnOkResult","ExecutorUri":"executor://NUnit3TestExecutor","Source":"C:\\Users\\Coditas\\source\\repos\\EmployeeManagementAPI\\EmployeeManagement.Tests\\bin\\Debug\\net6.0\\fine-code-coverage\\build-output\\EmployeeManagement.NunitTests.dll","CodeFilePath":null,"LineNumber":0,"Properties":[{"Key":{"Id":"NUnit.Seed","Label":"Seed","Category":"","Description":"","Attributes":0,"ValueType":"System.String"},"Value":"1155628937"}]},"Attachments":[],"Outcome":1,"ErrorMessage":null,"ErrorStackTrace":null,"DisplayName":"CreateEmployee_ShouldReturnOkResult","Messages":[],"ComputerName":"11078-LAP-0703","Duration":"00:00:00.0048830","StartTime":"2023-07-19T08:55:31.8282526+00:00","EndTime":"2023-07-19T08:55:31.8331363+00:00","Properties":[{"Key":{"Id":"NUnit.Seed","Label":"Seed","Category":"","Description":"","Attributes":0,"ValueType":"System.String"},"Value":"1155628937"}]}],"TestRunStatistics":{"ExecutedTests":9,"Stats":{"Passed":9}},"ActiveTests":[{"Id":"f72e99d6-0dbc-b70d-d09a-efda6ed5a943","FullyQualifiedName":"EmployeeManagement.NunitTests.ControllerTests.EmployeeControllerTests.DeleteEmployee_ShouldReturnBadRequestResult_WhenEmployeeDoesNotExist","DisplayName":"DeleteEmployee_ShouldReturnBadRequestResult_WhenEmployeeDoesNotExist","ExecutorUri":"executor://NUnit3TestExecutor","Source":"C:\\Users\\Coditas\\source\\repos\\EmployeeManagementAPI\\EmployeeManagement.Tests\\bin\\Debug\\net6.0\\fine-code-coverage\\build-output\\EmployeeManagement.NunitTests.dll","CodeFilePath":null,"LineNumber":0,"Properties":[{"Key":{"Id":"NUnit.Seed","Label":"Seed","Category":"","Description":"","Attributes":0,"ValueType":"System.String"},"Value":"118088887"}]}]}}
TpTrace Verbose: 0 : 3928, 12, 2023/07/19, 14:25:31.926, 134027545766, vstest.console.dll, TestRunRequest:SendTestRunStatsChange: Starting.
TpTrace Verbose: 0 : 3928, 12, 2023/07/19, 14:25:31.926, 134027551345, vstest.console.dll, InProgress is DeleteEmployee_ShouldReturnBadRequestResult_WhenEmployeeDoesNotExist
TpTrace Verbose: 0 : 3928, 12, 2023/07/19, 14:25:31.927, 134027559406, vstest.console.dll, MulticastDelegateUtilities.SafeInvoke: TestRun.RunStatsChanged: Invoking callbacks was skipped because there are no subscribers.
TpTrace Information: 0 : 3928, 12, 2023/07/19, 14:25:31.927, 134027563054, vstest.console.dll, TestRunRequest:SendTestRunStatsChange: Completed.
TpTrace Verbose: 0 : 3928, 12, 2023/07/19, 14:25:31.928, 134027566710, vstest.console.dll, MulticastDelegateUtilities.SafeInvoke: LengthPrefixCommunicationChannel: MessageReceived: Invoking callback 1/1 for Microsoft.VisualStudio.TestPlatform.CommunicationUtilities.TestRequestSender+<>c__DisplayClass34_0., took 44 ms.
TpTrace Verbose: 0 : 3928, 12, 2023/07/19, 14:25:31.928, 134027570722, vstest.console.dll, TcpClientExtensions.MessageLoopAsync: Polling on remoteEndPoint: 127.0.0.1:54924 localEndPoint: 127.0.0.1:54923
TpTrace Verbose: 0 : 3928, 4, 2023/07/19, 14:25:31.932, 134027609945, vstest.console.dll, MulticastDelegateUtilities.SafeInvoke: InternalTestLoggerEvents.SendTestResult: Invoking callback 1/1 for Microsoft.VisualStudio.TestPlatform.CommandLine.Internal.ConsoleLogger., took 5 ms.
TpTrace Verbose: 0 : 3928, 4, 2023/07/19, 14:25:31.933, 134027617510, vstest.console.dll, MulticastDelegateUtilities.SafeInvoke: InternalTestLoggerEvents.SendTestResult: Invoking callback 1/1 for Microsoft.VisualStudio.TestPlatform.CommandLine.Internal.ConsoleLogger., took 0 ms.
TpTrace Verbose: 0 : 3928, 4, 2023/07/19, 14:25:31.933, 134027620881, vstest.console.dll, MulticastDelegateUtilities.SafeInvoke: InternalTestLoggerEvents.SendTestResult: Invoking callback 1/1 for Microsoft.VisualStudio.TestPlatform.CommandLine.Internal.ConsoleLogger., took 0 ms.
TpTrace Verbose: 0 : 3928, 4, 2023/07/19, 14:25:31.933, 134027623370, vstest.console.dll, MulticastDelegateUtilities.SafeInvoke: InternalTestLoggerEvents.SendTestResult: Invoking callback 1/1 for Microsoft.VisualStudio.TestPlatform.CommandLine.Internal.ConsoleLogger., took 0 ms.
TpTrace Verbose: 0 : 3928, 4, 2023/07/19, 14:25:31.934, 134027625016, vstest.console.dll, MulticastDelegateUtilities.SafeInvoke: InternalTestLoggerEvents.SendTestResult: Invoking callback 1/1 for Microsoft.VisualStudio.TestPlatform.CommandLine.Internal.ConsoleLogger., took 0 ms.
TpTrace Verbose: 0 : 3928, 4, 2023/07/19, 14:25:31.934, 134027627332, vstest.console.dll, MulticastDelegateUtilities.SafeInvoke: InternalTestLoggerEvents.SendTestResult: Invoking callback 1/1 for Microsoft.VisualStudio.TestPlatform.CommandLine.Internal.ConsoleLogger., took 0 ms.
TpTrace Verbose: 0 : 3928, 4, 2023/07/19, 14:25:31.934, 134027629234, vstest.console.dll, MulticastDelegateUtilities.SafeInvoke: InternalTestLoggerEvents.SendTestResult: Invoking callback 1/1 for Microsoft.VisualStudio.TestPlatform.CommandLine.Internal.ConsoleLogger., took 0 ms.
TpTrace Verbose: 0 : 3928, 4, 2023/07/19, 14:25:31.934, 134027631162, vstest.console.dll, MulticastDelegateUtilities.SafeInvoke: InternalTestLoggerEvents.SendTestResult: Invoking callback 1/1 for Microsoft.VisualStudio.TestPlatform.CommandLine.Internal.ConsoleLogger., took 0 ms.
TpTrace Verbose: 0 : 3928, 4, 2023/07/19, 14:25:31.935, 134027644475, vstest.console.dll, MulticastDelegateUtilities.SafeInvoke: InternalTestLoggerEvents.SendTestResult: Invoking callback 1/1 for Microsoft.VisualStudio.TestPlatform.CommandLine.Internal.ConsoleLogger., took 0 ms.
TpTrace Verbose: 0 : 3928, 12, 2023/07/19, 14:25:31.952, 134027811773, vstest.console.dll, TcpClientExtensions.MessageLoopAsync: NotifyDataAvailable remoteEndPoint: 127.0.0.1:54924 localEndPoint: 127.0.0.1:54923
TpTrace Verbose: 0 : 3928, 12, 2023/07/19, 14:25:31.953, 134027817056, vstest.console.dll, TestRequestSender.OnExecutionMessageReceived: Received message: {"Version":7,"MessageType":"TestExecution.StatsChange","Payload":{"NewTestResults":[{"TestCase":{"Id":"f72e99d6-0dbc-b70d-d09a-efda6ed5a943","FullyQualifiedName":"EmployeeManagement.NunitTests.ControllerTests.EmployeeControllerTests.DeleteEmployee_ShouldReturnBadRequestResult_WhenEmployeeDoesNotExist","DisplayName":"DeleteEmployee_ShouldReturnBadRequestResult_WhenEmployeeDoesNotExist","ExecutorUri":"executor://NUnit3TestExecutor","Source":"C:\\Users\\Coditas\\source\\repos\\EmployeeManagementAPI\\EmployeeManagement.Tests\\bin\\Debug\\net6.0\\fine-code-coverage\\build-output\\EmployeeManagement.NunitTests.dll","CodeFilePath":null,"LineNumber":0,"Properties":[{"Key":{"Id":"NUnit.Seed","Label":"Seed","Category":"","Description":"","Attributes":0,"ValueType":"System.String"},"Value":"118088887"}]},"Attachments":[],"Outcome":1,"ErrorMessage":null,"ErrorStackTrace":null,"DisplayName":"DeleteEmployee_ShouldReturnBadRequestResult_WhenEmployeeDoesNotExist","Messages":[],"ComputerName":"11078-LAP-0703","Duration":"00:00:00.0053700","StartTime":"2023-07-19T08:55:31.8331654+00:00","EndTime":"2023-07-19T08:55:31.8385354+00:00","Properties":[{"Key":{"Id":"NUnit.Seed","Label":"Seed","Category":"","Description":"","Attributes":0,"ValueType":"System.String"},"Value":"118088887"}]},{"TestCase":{"Id":"077e1e55-1ed2-772d-2084-87030e6e52ac","FullyQualifiedName":"EmployeeManagement.NunitTests.ControllerTests.EmployeeControllerTests.DeleteEmployee_ShouldReturnOkResult_WhenEmployeeExists","DisplayName":"DeleteEmployee_ShouldReturnOkResult_WhenEmployeeExists","ExecutorUri":"executor://NUnit3TestExecutor","Source":"C:\\Users\\Coditas\\source\\repos\\EmployeeManagementAPI\\EmployeeManagement.Tests\\bin\\Debug\\net6.0\\fine-code-coverage\\build-output\\EmployeeManagement.NunitTests.dll","CodeFilePath":null,"LineNumber":0,"Properties":[{"Key":{"Id":"NUnit.Seed","Label":"Seed","Category":"","Description":"","Attributes":0,"ValueType":"System.String"},"Value":"1992839351"}]},"Attachments":[],"Outcome":1,"ErrorMessage":null,"ErrorStackTrace":null,"DisplayName":"DeleteEmployee_ShouldReturnOkResult_WhenEmployeeExists","Messages":[],"ComputerName":"11078-LAP-0703","Duration":"00:00:00.0017010","StartTime":"2023-07-19T08:55:31.8385573+00:00","EndTime":"2023-07-19T08:55:31.8402577+00:00","Properties":[{"Key":{"Id":"NUnit.Seed","Label":"Seed","Category":"","Description":"","Attributes":0,"ValueType":"System.String"},"Value":"1992839351"}]},{"TestCase":{"Id":"2a34f1ca-fafa-3287-e1ff-1c3aa1efcf41","FullyQualifiedName":"EmployeeManagement.NunitTests.ControllerTests.EmployeeControllerTests.GetAllEmployees_ShouldReturnBadRequestResult","DisplayName":"GetAllEmployees_ShouldReturnBadRequestResult","ExecutorUri":"executor://NUnit3TestExecutor","Source":"C:\\Users\\Coditas\\source\\repos\\EmployeeManagementAPI\\EmployeeManagement.Tests\\bin\\Debug\\net6.0\\fine-code-coverage\\build-output\\EmployeeManagement.NunitTests.dll","CodeFilePath":null,"LineNumber":0,"Properties":[{"Key":{"Id":"NUnit.Seed","Label":"Seed","Category":"","Description":"","Attributes":0,"ValueType":"System.String"},"Value":"950302406"}]},"Attachments":[],"Outcome":1,"ErrorMessage":null,"ErrorStackTrace":null,"DisplayName":"GetAllEmployees_ShouldReturnBadRequestResult","Messages":[],"ComputerName":"11078-LAP-0703","Duration":"00:00:00.0016280","StartTime":"2023-07-19T08:55:31.8402884+00:00","EndTime":"2023-07-19T08:55:31.841916+00:00","Properties":[{"Key":{"Id":"NUnit.Seed","Label":"Seed","Category":"","Description":"","Attributes":0,"ValueType":"System.String"},"Value":"950302406"}]},{"TestCase":{"Id":"62516154-37f3-a767-3989-2e7037888c38","FullyQualifiedName":"EmployeeManagement.NunitTests.ControllerTests.EmployeeControllerTests.GetAllEmployees_ShouldReturnOkResult","DisplayName":"GetAllEmployees_ShouldReturnOkResult","ExecutorUri":"executor://NUnit3TestExecutor","Source":"C:\\Users\\Coditas\\source\\repos\\EmployeeManagementAPI\\EmployeeManagement.Tests\\bin\\Debug\\net6.0\\fine-code-coverage\\build-output\\EmployeeManagement.NunitTests.dll","CodeFilePath":null,"LineNumber":0,"Properties":[{"Key":{"Id":"NUnit.Seed","Label":"Seed","Category":"","Description":"","Attributes":0,"ValueType":"System.String"},"Value":"413879388"}]},"Attachments":[],"Outcome":1,"ErrorMessage":null,"ErrorStackTrace":null,"DisplayName":"GetAllEmployees_ShouldReturnOkResult","Messages":[],"ComputerName":"11078-LAP-0703","Duration":"00:00:00.0006450","StartTime":"2023-07-19T08:55:31.8419365+00:00","EndTime":"2023-07-19T08:55:31.842581+00:00","Properties":[{"Key":{"Id":"NUnit.Seed","Label":"Seed","Category":"","Description":"","Attributes":0,"ValueType":"System.String"},"Value":"413879388"}]},{"TestCase":{"Id":"a0b85d4d-5fb7-13fa-d80b-0ce39ec37f8e","FullyQualifiedName":"EmployeeManagement.NunitTests.ControllerTests.EmployeeControllerTests.GetEmployeesById_ShouldReturnBadRequestResult_WhenEmployeeDoesNotExist","DisplayName":"GetEmployeesById_ShouldReturnBadRequestResult_WhenEmployeeDoesNotExist","ExecutorUri":"executor://NUnit3TestExecutor","Source":"C:\\Users\\Coditas\\source\\repos\\EmployeeManagementAPI\\EmployeeManagement.Tests\\bin\\Debug\\net6.0\\fine-code-coverage\\build-output\\EmployeeManagement.NunitTests.dll","CodeFilePath":null,"LineNumber":0,"Properties":[{"Key":{"Id":"NUnit.Seed","Label":"Seed","Category":"","Description":"","Attributes":0,"ValueType":"System.String"},"Value":"387905091"}]},"Attachments":[],"Outcome":1,"ErrorMessage":null,"ErrorStackTrace":null,"DisplayName":"GetEmployeesById_ShouldReturnBadRequestResult_WhenEmployeeDoesNotExist","Messages":[],"ComputerName":"11078-LAP-0703","Duration":"00:00:00.0011740","StartTime":"2023-07-19T08:55:31.8425967+00:00","EndTime":"2023-07-19T08:55:31.8437706+00:00","Properties":[{"Key":{"Id":"NUnit.Seed","Label":"Seed","Category":"","Description":"","Attributes":0,"ValueType":"System.String"},"Value":"387905091"}]},{"TestCase":{"Id":"dc8302d9-6004-f72c-53a7-d4f8accf458e","FullyQualifiedName":"EmployeeManagement.NunitTests.ControllerTests.EmployeeControllerTests.GetEmployeesById_ShouldReturnOkResult_WhenEmployeeExists","DisplayName":"GetEmployeesById_ShouldReturnOkResult_WhenEmployeeExists","ExecutorUri":"executor://NUnit3TestExecutor","Source":"C:\\Users\\Coditas\\source\\repos\\EmployeeManagementAPI\\EmployeeManagement.Tests\\bin\\Debug\\net6.0\\fine-code-coverage\\build-output\\EmployeeManagement.NunitTests.dll","CodeFilePath":null,"LineNumber":0,"Properties":[{"Key":{"Id":"NUnit.Seed","Label":"Seed","Category":"","Description":"","Attributes":0,"ValueType":"System.String"},"Value":"747796223"}]},"Attachments":[],"Outcome":1,"ErrorMessage":null,"ErrorStackTrace":null,"DisplayName":"GetEmployeesById_ShouldReturnOkResult_WhenEmployeeExists","Messages":[],"ComputerName":"11078-LAP-0703","Duration":"00:00:00.0009090","StartTime":"2023-07-19T08:55:31.8437993+00:00","EndTime":"2023-07-19T08:55:31.8447081+00:00","Properties":[{"Key":{"Id":"NUnit.Seed","Label":"Seed","Category":"","Description":"","Attributes":0,"ValueType":"System.String"},"Value":"747796223"}]},{"TestCase":{"Id":"9a9ca71a-90c7-b91a-4fc4-e8d8d7fe2c12","FullyQualifiedName":"EmployeeManagement.NunitTests.ControllerTests.EmployeeControllerTests.PatchEmployee_WhenCalled_ReturnsNotFoundResult","DisplayName":"PatchEmployee_WhenCalled_ReturnsNotFoundResult","ExecutorUri":"executor://NUnit3TestExecutor","Source":"C:\\Users\\Coditas\\source\\repos\\EmployeeManagementAPI\\EmployeeManagement.Tests\\bin\\Debug\\net6.0\\fine-code-coverage\\build-output\\EmployeeManagement.NunitTests.dll","CodeFilePath":null,"LineNumber":0,"Properties":[{"Key":{"Id":"NUnit.Seed","Label":"Seed","Category":"","Description":"","Attributes":0,"ValueType":"System.String"},"Value":"385113302"}]},"Attachments":[],"Outcome":1,"ErrorMessage":null,"ErrorStackTrace":null,"DisplayName":"PatchEmployee_WhenCalled_ReturnsNotFoundResult","Messages":[],"ComputerName":"11078-LAP-0703","Duration":"00:00:00.0037530","StartTime":"2023-07-19T08:55:31.844729+00:00","EndTime":"2023-07-19T08:55:31.8484814+00:00","Properties":[{"Key":{"Id":"NUnit.Seed","Label":"Seed","Category":"","Description":"","Attributes":0,"ValueType":"System.String"},"Value":"385113302"}]},{"TestCase":{"Id":"00b1bea7-fba9-82ca-2859-ceb36f7eaecc","FullyQualifiedName":"EmployeeManagement.NunitTests.ControllerTests.EmployeeControllerTests.PatchEmployee_WhenCalled_ReturnsOkResult","DisplayName":"PatchEmployee_WhenCalled_ReturnsOkResult","ExecutorUri":"executor://NUnit3TestExecutor","Source":"C:\\Users\\Coditas\\source\\repos\\EmployeeManagementAPI\\EmployeeManagement.Tests\\bin\\Debug\\net6.0\\fine-code-coverage\\build-output\\EmployeeManagement.NunitTests.dll","CodeFilePath":null,"LineNumber":0,"Properties":[{"Key":{"Id":"NUnit.Seed","Label":"Seed","Category":"","Description":"","Attributes":0,"ValueType":"System.String"},"Value":"983323286"}]},"Attachments":[],"Outcome":1,"ErrorMessage":null,"ErrorStackTrace":null,"DisplayName":"PatchEmployee_WhenCalled_ReturnsOkResult","Messages":[],"ComputerName":"11078-LAP-0703","Duration":"00:00:00.0016800","StartTime":"2023-07-19T08:55:31.8485064+00:00","EndTime":"2023-07-19T08:55:31.8501858+00:00","Properties":[{"Key":{"Id":"NUnit.Seed","Label":"Seed","Category":"","Description":"","Attributes":0,"ValueType":"System.String"},"Value":"983323286"}]},{"TestCase":{"Id":"af3e11e9-b7ef-a815-7c23-cf5adf46cf41","FullyQualifiedName":"EmployeeManagement.NunitTests.ControllerTests.EmployeeControllerTests.UpdateEmployee_ShouldReturnBadRequestResult","DisplayName":"UpdateEmployee_ShouldReturnBadRequestResult","ExecutorUri":"executor://NUnit3TestExecutor","Source":"C:\\Users\\Coditas\\source\\repos\\EmployeeManagementAPI\\EmployeeManagement.Tests\\bin\\Debug\\net6.0\\fine-code-coverage\\build-output\\EmployeeManagement.NunitTests.dll","CodeFilePath":null,"LineNumber":0,"Properties":[{"Key":{"Id":"NUnit.Seed","Label":"Seed","Category":"","Description":"","Attributes":0,"ValueType":"System.String"},"Value":"226678402"}]},"Attachments":[],"Outcome":1,"ErrorMessage":null,"ErrorStackTrace":null,"DisplayName":"UpdateEmployee_ShouldReturnBadRequestResult","Messages":[],"ComputerName":"11078-LAP-0703","Duration":"00:00:00.0032930","StartTime":"2023-07-19T08:55:31.8502201+00:00","EndTime":"2023-07-19T08:55:31.8535133+00:00","Properties":[{"Key":{"Id":"NUnit.Seed","Label":"Seed","Category":"","Description":"","Attributes":0,"ValueType":"System.String"},"Value":"226678402"}]}],"TestRunStatistics":{"ExecutedTests":18,"Stats":{"Passed":18}},"ActiveTests":[{"Id":"4274ddc2-7ec8-1872-0086-065364da04c8","FullyQualifiedName":"EmployeeManagement.NunitTests.ControllerTests.EmployeeControllerTests.UpdateEmployee_ShouldReturnOkResult","DisplayName":"UpdateEmployee_ShouldReturnOkResult","ExecutorUri":"executor://NUnit3TestExecutor","Source":"C:\\Users\\Coditas\\source\\repos\\EmployeeManagementAPI\\EmployeeManagement.Tests\\bin\\Debug\\net6.0\\fine-code-coverage\\build-output\\EmployeeManagement.NunitTests.dll","CodeFilePath":null,"LineNumber":0,"Properties":[{"Key":{"Id":"NUnit.Seed","Label":"Seed","Category":"","Description":"","Attributes":0,"ValueType":"System.String"},"Value":"1933831323"}]}]}}
TpTrace Verbose: 0 : 3928, 12, 2023/07/19, 14:25:31.956, 134027852676, vstest.console.dll, TestRunRequest:SendTestRunStatsChange: Starting.
TpTrace Verbose: 0 : 3928, 12, 2023/07/19, 14:25:31.956, 134027854269, vstest.console.dll, InProgress is UpdateEmployee_ShouldReturnOkResult
TpTrace Verbose: 0 : 3928, 12, 2023/07/19, 14:25:31.957, 134027856898, vstest.console.dll, MulticastDelegateUtilities.SafeInvoke: TestRun.RunStatsChanged: Invoking callbacks was skipped because there are no subscribers.
TpTrace Information: 0 : 3928, 12, 2023/07/19, 14:25:31.957, 134027858454, vstest.console.dll, TestRunRequest:SendTestRunStatsChange: Completed.
TpTrace Verbose: 0 : 3928, 4, 2023/07/19, 14:25:31.957, 134027857488, vstest.console.dll, MulticastDelegateUtilities.SafeInvoke: InternalTestLoggerEvents.SendTestResult: Invoking callback 1/1 for Microsoft.VisualStudio.TestPlatform.CommandLine.Internal.ConsoleLogger., took 0 ms.
TpTrace Verbose: 0 : 3928, 12, 2023/07/19, 14:25:31.957, 134027861264, vstest.console.dll, MulticastDelegateUtilities.SafeInvoke: LengthPrefixCommunicationChannel: MessageReceived: Invoking callback 1/1 for Microsoft.VisualStudio.TestPlatform.CommunicationUtilities.TestRequestSender+<>c__DisplayClass34_0., took 4 ms.
TpTrace Verbose: 0 : 3928, 12, 2023/07/19, 14:25:31.957, 134027863036, vstest.console.dll, TcpClientExtensions.MessageLoopAsync: Polling on remoteEndPoint: 127.0.0.1:54924 localEndPoint: 127.0.0.1:54923
TpTrace Verbose: 0 : 3928, 4, 2023/07/19, 14:25:31.957, 134027861545, vstest.console.dll, MulticastDelegateUtilities.SafeInvoke: InternalTestLoggerEvents.SendTestResult: Invoking callback 1/1 for Microsoft.VisualStudio.TestPlatform.CommandLine.Internal.ConsoleLogger., took 0 ms.
TpTrace Verbose: 0 : 3928, 4, 2023/07/19, 14:25:31.958, 134027866680, vstest.console.dll, MulticastDelegateUtilities.SafeInvoke: InternalTestLoggerEvents.SendTestResult: Invoking callback 1/1 for Microsoft.VisualStudio.TestPlatform.CommandLine.Internal.ConsoleLogger., took 0 ms.
TpTrace Verbose: 0 : 3928, 4, 2023/07/19, 14:25:31.958, 134027869803, vstest.console.dll, MulticastDelegateUtilities.SafeInvoke: InternalTestLoggerEvents.SendTestResult: Invoking callback 1/1 for Microsoft.VisualStudio.TestPlatform.CommandLine.Internal.ConsoleLogger., took 0 ms.
TpTrace Verbose: 0 : 3928, 4, 2023/07/19, 14:25:31.958, 134027871669, vstest.console.dll, MulticastDelegateUtilities.SafeInvoke: InternalTestLoggerEvents.SendTestResult: Invoking callback 1/1 for Microsoft.VisualStudio.TestPlatform.CommandLine.Internal.ConsoleLogger., took 0 ms.
TpTrace Verbose: 0 : 3928, 4, 2023/07/19, 14:25:31.958, 134027873541, vstest.console.dll, MulticastDelegateUtilities.SafeInvoke: InternalTestLoggerEvents.SendTestResult: Invoking callback 1/1 for Microsoft.VisualStudio.TestPlatform.CommandLine.Internal.ConsoleLogger., took 0 ms.
TpTrace Verbose: 0 : 3928, 4, 2023/07/19, 14:25:31.959, 134027875238, vstest.console.dll, MulticastDelegateUtilities.SafeInvoke: InternalTestLoggerEvents.SendTestResult: Invoking callback 1/1 for Microsoft.VisualStudio.TestPlatform.CommandLine.Internal.ConsoleLogger., took 0 ms.
TpTrace Verbose: 0 : 3928, 4, 2023/07/19, 14:25:31.960, 134027894457, vstest.console.dll, MulticastDelegateUtilities.SafeInvoke: InternalTestLoggerEvents.SendTestResult: Invoking callback 1/1 for Microsoft.VisualStudio.TestPlatform.CommandLine.Internal.ConsoleLogger., took 1 ms.
TpTrace Verbose: 0 : 3928, 4, 2023/07/19, 14:25:31.961, 134027897316, vstest.console.dll, MulticastDelegateUtilities.SafeInvoke: InternalTestLoggerEvents.SendTestResult: Invoking callback 1/1 for Microsoft.VisualStudio.TestPlatform.CommandLine.Internal.ConsoleLogger., took 0 ms.
TpTrace Verbose: 0 : 3928, 12, 2023/07/19, 14:25:31.999, 134028280140, vstest.console.dll, TcpClientExtensions.MessageLoopAsync: NotifyDataAvailable remoteEndPoint: 127.0.0.1:54924 localEndPoint: 127.0.0.1:54923
TpTrace Verbose: 0 : 3928, 12, 2023/07/19, 14:25:31.999, 134028284590, vstest.console.dll, TestRequestSender.OnExecutionMessageReceived: Received message: {"Version":7,"MessageType":"TestSession.Message","Payload":{"MessageLevel":0,"Message":"NUnit Adapter 4.4.0.0: Test execution complete"}}
TpTrace Verbose: 0 : 3928, 12, 2023/07/19, 14:25:32.000, 134028287690, vstest.console.dll, TestRunRequest:SendTestRunMessage: Starting.
TpTrace Verbose: 0 : 3928, 12, 2023/07/19, 14:25:32.000, 134028289921, vstest.console.dll, MulticastDelegateUtilities.SafeInvoke: TestRun.LogMessages: Invoking callback 1/1 for Microsoft.VisualStudio.TestPlatform.CommandLine.TestRunResultAggregator., took 0 ms.
TpTrace Verbose: 0 : 3928, 4, 2023/07/19, 14:25:32.000, 134028291441, vstest.console.dll, MulticastDelegateUtilities.SafeInvoke: InternalTestLoggerEvents.SendTestRunMessage: Invoking callback 1/1 for Microsoft.VisualStudio.TestPlatform.CommandLine.Internal.ConsoleLogger., took 0 ms.
TpTrace Information: 0 : 3928, 12, 2023/07/19, 14:25:32.000, 134028294423, vstest.console.dll, TestRunRequest:SendTestRunMessage: Completed.
TpTrace Verbose: 0 : 3928, 12, 2023/07/19, 14:25:32.001, 134028298101, vstest.console.dll, MulticastDelegateUtilities.SafeInvoke: LengthPrefixCommunicationChannel: MessageReceived: Invoking callback 1/1 for Microsoft.VisualStudio.TestPlatform.CommunicationUtilities.TestRequestSender+<>c__DisplayClass34_0., took 1 ms.
TpTrace Verbose: 0 : 3928, 12, 2023/07/19, 14:25:32.001, 134028302818, vstest.console.dll, TcpClientExtensions.MessageLoopAsync: Polling on remoteEndPoint: 127.0.0.1:54924 localEndPoint: 127.0.0.1:54923
TpTrace Verbose: 0 : 3928, 12, 2023/07/19, 14:25:32.026, 134028548589, vstest.console.dll, TcpClientExtensions.MessageLoopAsync: NotifyDataAvailable remoteEndPoint: 127.0.0.1:54924 localEndPoint: 127.0.0.1:54923
TpTrace Verbose: 0 : 3928, 12, 2023/07/19, 14:25:32.026, 134028552634, vstest.console.dll, TestRequestSender.OnExecutionMessageReceived: Received message: {"Version":7,"MessageType":"TestExecution.Completed","Payload":{"TestRunCompleteArgs":{"TestRunStatistics":{"ExecutedTests":23,"Stats":{"Passed":23}},"IsCanceled":false,"IsAborted":false,"Error":null,"AttachmentSets":[],"InvokedDataCollectors":[],"ElapsedTimeInRunningTests":"00:00:00.7960047","Metrics":{},"DiscoveredExtensions":{"TestDiscoverers":["NUnit.VisualStudio.TestAdapter.NUnit3TestDiscoverer, NUnit3.TestAdapter, Version=4.4.0.0, Culture=neutral, PublicKeyToken=4cb40d35494691ac"],"TestExecutors":["executor://NUnit3TestExecutor"],"TestExecutors2":[],"TestSettingsProviders":[]}},"LastRunTests":{"NewTestResults":[{"TestCase":{"Id":"4274ddc2-7ec8-1872-0086-065364da04c8","FullyQualifiedName":"EmployeeManagement.NunitTests.ControllerTests.EmployeeControllerTests.UpdateEmployee_ShouldReturnOkResult","DisplayName":"UpdateEmployee_ShouldReturnOkResult","ExecutorUri":"executor://NUnit3TestExecutor","Source":"C:\\Users\\Coditas\\source\\repos\\EmployeeManagementAPI\\EmployeeManagement.Tests\\bin\\Debug\\net6.0\\fine-code-coverage\\build-output\\EmployeeManagement.NunitTests.dll","CodeFilePath":null,"LineNumber":0,"Properties":[{"Key":{"Id":"NUnit.Seed","Label":"Seed","Category":"","Description":"","Attributes":0,"ValueType":"System.String"},"Value":"1933831323"}]},"Attachments":[],"Outcome":1,"ErrorMessage":null,"ErrorStackTrace":null,"DisplayName":"UpdateEmployee_ShouldReturnOkResult","Messages":[],"ComputerName":"11078-LAP-0703","Duration":"00:00:00.0015200","StartTime":"2023-07-19T08:55:31.8535345+00:00","EndTime":"2023-07-19T08:55:31.8550542+00:00","Properties":[{"Key":{"Id":"NUnit.Seed","Label":"Seed","Category":"","Description":"","Attributes":0,"ValueType":"System.String"},"Value":"1933831323"}]},{"TestCase":{"Id":"62d54a12-19a2-edca-64f6-4c80e7bd3d1e","FullyQualifiedName":"EmployeeManagement.NunitTests.ControllerTests.PerformanceControllerTest.UsingRedis_NullResponse_ReturnsBadRequest","DisplayName":"UsingRedis_NullResponse_ReturnsBadRequest","ExecutorUri":"executor://NUnit3TestExecutor","Source":"C:\\Users\\Coditas\\source\\repos\\EmployeeManagementAPI\\EmployeeManagement.Tests\\bin\\Debug\\net6.0\\fine-code-coverage\\build-output\\EmployeeManagement.NunitTests.dll","CodeFilePath":null,"LineNumber":0,"Properties":[{"Key":{"Id":"NUnit.Seed","Label":"Seed","Category":"","Description":"","Attributes":0,"ValueType":"System.String"},"Value":"1765821007"}]},"Attachments":[],"Outcome":1,"ErrorMessage":null,"ErrorStackTrace":null,"DisplayName":"UsingRedis_NullResponse_ReturnsBadRequest","Messages":[],"ComputerName":"11078-LAP-0703","Duration":"00:00:00.0044660","StartTime":"2023-07-19T08:55:31.8551918+00:00","EndTime":"2023-07-19T08:55:31.8596561+00:00","Properties":[{"Key":{"Id":"NUnit.Seed","Label":"Seed","Category":"","Description":"","Attributes":0,"ValueType":"System.String"},"Value":"1765821007"}]},{"TestCase":{"Id":"882fe73b-984d-689c-17d4-3f414b9810c0","FullyQualifiedName":"EmployeeManagement.NunitTests.ControllerTests.PerformanceControllerTest.UsingRedis_ValidResponse_ReturnsOkResult","DisplayName":"UsingRedis_ValidResponse_ReturnsOkResult","ExecutorUri":"executor://NUnit3TestExecutor","Source":"C:\\Users\\Coditas\\source\\repos\\EmployeeManagementAPI\\EmployeeManagement.Tests\\bin\\Debug\\net6.0\\fine-code-coverage\\build-output\\EmployeeManagement.NunitTests.dll","CodeFilePath":null,"LineNumber":0,"Properties":[{"Key":{"Id":"NUnit.Seed","Label":"Seed","Category":"","Description":"","Attributes":0,"ValueType":"System.String"},"Value":"1659045809"}]},"Attachments":[],"Outcome":1,"ErrorMessage":null,"ErrorStackTrace":null,"DisplayName":"UsingRedis_ValidResponse_ReturnsOkResult","Messages":[],"ComputerName":"11078-LAP-0703","Duration":"00:00:00.0005630","StartTime":"2023-07-19T08:55:31.8596977+00:00","EndTime":"2023-07-19T08:55:31.8602609+00:00","Properties":[{"Key":{"Id":"NUnit.Seed","Label":"Seed","Category":"","Description":"","Attributes":0,"ValueType":"System.String"},"Value":"1659045809"}]},{"TestCase":{"Id":"9e5fa053-1170-0f3e-5f2d-3be70f889d31","FullyQualifiedName":"EmployeeManagement.NunitTests.ControllerTests.UserControllerTests.GetAllUsers_ShouldReturnBadRequestResult","DisplayName":"GetAllUsers_ShouldReturnBadRequestResult","ExecutorUri":"executor://NUnit3TestExecutor","Source":"C:\\Users\\Coditas\\source\\repos\\EmployeeManagementAPI\\EmployeeManagement.Tests\\bin\\Debug\\net6.0\\fine-code-coverage\\build-output\\EmployeeManagement.NunitTests.dll","CodeFilePath":null,"LineNumber":0,"Properties":[{"Key":{"Id":"NUnit.Seed","Label":"Seed","Category":"","Description":"","Attributes":0,"ValueType":"System.String"},"Value":"1212969655"}]},"Attachments":[],"Outcome":1,"ErrorMessage":null,"ErrorStackTrace":null,"DisplayName":"GetAllUsers_ShouldReturnBadRequestResult","Messages":[],"ComputerName":"11078-LAP-0703","Duration":"00:00:00.0024770","StartTime":"2023-07-19T08:55:31.8604021+00:00","EndTime":"2023-07-19T08:55:31.8628792+00:00","Properties":[{"Key":{"Id":"NUnit.Seed","Label":"Seed","Category":"","Description":"","Attributes":0,"ValueType":"System.String"},"Value":"1212969655"}]},{"TestCase":{"Id":"9365c4af-5531-0431-c037-3e5e3b0f0e65","FullyQualifiedName":"EmployeeManagement.NunitTests.ControllerTests.UserControllerTests.GetAllUsers_ShouldReturnOkResult","DisplayName":"GetAllUsers_ShouldReturnOkResult","ExecutorUri":"executor://NUnit3TestExecutor","Source":"C:\\Users\\Coditas\\source\\repos\\EmployeeManagementAPI\\EmployeeManagement.Tests\\bin\\Debug\\net6.0\\fine-code-coverage\\build-output\\EmployeeManagement.NunitTests.dll","CodeFilePath":null,"LineNumber":0,"Properties":[{"Key":{"Id":"NUnit.Seed","Label":"Seed","Category":"","Description":"","Attributes":0,"ValueType":"System.String"},"Value":"808922768"}]},"Attachments":[],"Outcome":1,"ErrorMessage":null,"ErrorStackTrace":null,"DisplayName":"GetAllUsers_ShouldReturnOkResult","Messages":[],"ComputerName":"11078-LAP-0703","Duration":"00:00:00.0004290","StartTime":"2023-07-19T08:55:31.8628954+00:00","EndTime":"2023-07-19T08:55:31.8633247+00:00","Properties":[{"Key":{"Id":"NUnit.Seed","Label":"Seed","Category":"","Description":"","Attributes":0,"ValueType":"System.String"},"Value":"808922768"}]}],"TestRunStatistics":{"ExecutedTests":23,"Stats":{"Passed":23}},"ActiveTests":[]},"RunAttachments":[],"ExecutorUris":["executor://nunit3testexecutor/"]}}
TpTrace Verbose: 0 : 3928, 12, 2023/07/19, 14:25:32.027, 134028556665, vstest.console.dll, TestRequestSender.EndSession: Sending end session.
TpTrace Verbose: 0 : 3928, 12, 2023/07/19, 14:25:32.027, 134028559933, vstest.console.dll, ProxyOperationManager.Close: waiting for test host to exit for 100 ms
TpTrace Warning: 0 : 3928, 10, 2023/07/19, 14:25:32.062, 134028906515, vstest.console.dll, TestHostManagerCallbacks.ErrorReceivedCallback Test host standard error line: 
TpTrace Verbose: 0 : 3928, 10, 2023/07/19, 14:25:32.074, 134029027935, vstest.console.dll, TestHostProvider.ExitCallBack: Host exited starting callback.
TpTrace Information: 0 : 3928, 10, 2023/07/19, 14:25:32.074, 134029032745, vstest.console.dll, TestHostManagerCallbacks.ExitCallBack: Testhost processId: 21208 exited with exitcode: 0 error: ''
TpTrace Verbose: 0 : 3928, 10, 2023/07/19, 14:25:32.074, 134029034621, vstest.console.dll, DotnetTestHostManager.OnHostExited: invoking OnHostExited callback
TpTrace Verbose: 0 : 3928, 10, 2023/07/19, 14:25:32.075, 134029036510, vstest.console.dll, CrossPlatEngine.TestHostManagerHostExited: calling on client process exit callback.
TpTrace Information: 0 : 3928, 10, 2023/07/19, 14:25:32.075, 134029038151, vstest.console.dll, TestRequestSender.OnClientProcessExit: Test host process exited. Standard error: 
TpTrace Information: 0 : 3928, 12, 2023/07/19, 14:25:32.075, 134029039404, vstest.console.dll, SocketServer.Stop: Stop server endPoint: 127.0.0.1:54923
TpTrace Information: 0 : 3928, 12, 2023/07/19, 14:25:32.075, 134029040933, vstest.console.dll, SocketServer.Stop: Cancellation requested. Stopping message loop.
TpTrace Information: 0 : 3928, 10, 2023/07/19, 14:25:32.075, 134029040262, vstest.console.dll, SocketServer.Stop: Stop server endPoint: 127.0.0.1:54923
TpTrace Information: 0 : 3928, 10, 2023/07/19, 14:25:32.075, 134029044007, vstest.console.dll, SocketServer.Stop: Cancellation requested. Stopping message loop.
TpTrace Information: 0 : 3928, 12, 2023/07/19, 14:25:32.075, 134029043341, vstest.console.dll, Closing the connection
TpTrace Verbose: 0 : 3928, 10, 2023/07/19, 14:25:32.076, 134029045506, vstest.console.dll, MulticastDelegateUtilities.SafeInvoke: HostProviderEvents.OnHostExited: Invoking callback 1/1 for Microsoft.VisualStudio.TestPlatform.CrossPlatEngine.Client.ProxyOperationManager., took 0 ms.
TpTrace Verbose: 0 : 3928, 12, 2023/07/19, 14:25:32.076, 134029052211, vstest.console.dll, ProxyDataCollectionManager.InvokeDataCollectionServiceAction: Starting.
TpTrace Information: 0 : 3928, 12, 2023/07/19, 14:25:32.076, 134029053600, vstest.console.dll, ProxyDataCollectionManager.AfterTestRunEnd: Get attachment set and invoked data collectors processId: 1636 port: 54920
TpTrace Verbose: 0 : 3928, 12, 2023/07/19, 14:25:32.077, 134029055161, vstest.console.dll, DataCollectionRequestSender.SendAfterTestRunStartAndGetResult: Send AfterTestRunEnd message with isCancelled: False
TpTrace Verbose: 0 : 3928, 12, 2023/07/19, 14:25:32.090, 134029192181, vstest.console.dll, DataCollectionRequestSender.SendAfterTestRunStartAndGetResult: Received message: (DataCollection.AfterTestRunEndResult) -> {"MessageType":"DataCollection.AfterTestRunEndResult","Payload":{"AttachmentSets":[],"InvokedDataCollectors":[{"Uri":"datacollector://Microsoft/TestPlatform/Extensions/Blame/v1","FriendlyName":"Blame","AssemblyQualifiedName":"Microsoft.TestPlatform.Extensions.BlameDataCollector.BlameCollector, Microsoft.TestPlatform.Extensions.BlameDataCollector, Version=15.0.0.0, Culture=neutral, PublicKeyToken=b03f5f7f11d50a3a","FilePath":"C:\\Program Files\\dotnet\\sdk\\7.0.203\\Extensions\\Microsoft.TestPlatform.Extensions.BlameDataCollector.dll","HasAttachmentProcessor":false}],"Metrics":{}}}
TpTrace Warning: 0 : 3928, 9, 2023/07/19, 14:25:32.099, 134029284392, vstest.console.dll, DataCollectionLauncher.ErrorReceivedCallback datacollector standard error line: 
TpTrace Information: 0 : 3928, 12, 2023/07/19, 14:25:32.100, 134029290284, vstest.console.dll, ProxyDataCollectionManager.InvokeDataCollectionServiceAction: Completed.
TpTrace Information: 0 : 3928, 9, 2023/07/19, 14:25:32.110, 134029394633, vstest.console.dll, DataCollectionLauncher.ExitCallBack: Data collector exited with exitcode: 0 error: ''
TpTrace Verbose: 0 : 3928, 12, 2023/07/19, 14:25:32.169, 134029983671, vstest.console.dll, TestRunRequest:SendTestRunStatsChange: Starting.
TpTrace Verbose: 0 : 3928, 12, 2023/07/19, 14:25:32.170, 134029987897, vstest.console.dll, MulticastDelegateUtilities.SafeInvoke: TestRun.RunStatsChanged: Invoking callbacks was skipped because there are no subscribers.
TpTrace Information: 0 : 3928, 12, 2023/07/19, 14:25:32.170, 134029992556, vstest.console.dll, TestRunRequest:SendTestRunStatsChange: Completed.
TpTrace Verbose: 0 : 3928, 4, 2023/07/19, 14:25:32.170, 134029988922, vstest.console.dll, MulticastDelegateUtilities.SafeInvoke: InternalTestLoggerEvents.SendTestResult: Invoking callback 1/1 for Microsoft.VisualStudio.TestPlatform.CommandLine.Internal.ConsoleLogger., took 0 ms.
TpTrace Verbose: 0 : 3928, 4, 2023/07/19, 14:25:32.171, 134029998372, vstest.console.dll, MulticastDelegateUtilities.SafeInvoke: InternalTestLoggerEvents.SendTestResult: Invoking callback 1/1 for Microsoft.VisualStudio.TestPlatform.CommandLine.Internal.ConsoleLogger., took 0 ms.
TpTrace Verbose: 0 : 3928, 4, 2023/07/19, 14:25:32.171, 134030000621, vstest.console.dll, MulticastDelegateUtilities.SafeInvoke: InternalTestLoggerEvents.SendTestResult: Invoking callback 1/1 for Microsoft.VisualStudio.TestPlatform.CommandLine.Internal.ConsoleLogger., took 0 ms.
TpTrace Verbose: 0 : 3928, 4, 2023/07/19, 14:25:32.171, 134030002417, vstest.console.dll, MulticastDelegateUtilities.SafeInvoke: InternalTestLoggerEvents.SendTestResult: Invoking callback 1/1 for Microsoft.VisualStudio.TestPlatform.CommandLine.Internal.ConsoleLogger., took 0 ms.
TpTrace Verbose: 0 : 3928, 4, 2023/07/19, 14:25:32.171, 134030004350, vstest.console.dll, MulticastDelegateUtilities.SafeInvoke: InternalTestLoggerEvents.SendTestResult: Invoking callback 1/1 for Microsoft.VisualStudio.TestPlatform.CommandLine.Internal.ConsoleLogger., took 0 ms.
TpTrace Verbose: 0 : 3928, 12, 2023/07/19, 14:25:32.172, 134030009321, vstest.console.dll, ParallelProxyExecutionManager: HandlePartialRunComplete: Total completed clients = 1, Run complete = True, Run canceled: False.
TpTrace Verbose: 0 : 3928, 4, 2023/07/19, 14:25:32.191, 134030197254, vstest.console.dll, MulticastDelegateUtilities.SafeInvoke: InternalTestLoggerEvents.SendTestRunComplete: Invoking callback 1/2 for Microsoft.TestPlatform.Extensions.BlameDataCollector.BlameLogger., took 0 ms.
TpTrace Verbose: 0 : 3928, 4, 2023/07/19, 14:25:32.204, 134030327908, vstest.console.dll, MulticastDelegateUtilities.SafeInvoke: InternalTestLoggerEvents.SendTestRunComplete: Invoking callback 2/2 for Microsoft.VisualStudio.TestPlatform.CommandLine.Internal.ConsoleLogger., took 12 ms.
TpTrace Verbose: 0 : 3928, 12, 2023/07/19, 14:25:32.205, 134030338097, vstest.console.dll, TestRunRequest:TestRunComplete: Starting. IsAborted:False IsCanceled:False.
TpTrace Verbose: 0 : 3928, 12, 2023/07/19, 14:25:32.208, 134030366671, vstest.console.dll, TestLoggerManager.HandleTestRunComplete: Ignoring as the object is disposed.
TpTrace Verbose: 0 : 3928, 12, 2023/07/19, 14:25:32.208, 134030373541, vstest.console.dll, MulticastDelegateUtilities.SafeInvoke: TestRun.TestRunComplete: Invoking callback 1/2 for Microsoft.VisualStudio.TestPlatform.CommandLine.TestRunResultAggregator., took 0 ms.
TpTrace Verbose: 0 : 3928, 12, 2023/07/19, 14:25:32.209, 134030378723, vstest.console.dll, MulticastDelegateUtilities.SafeInvoke: TestRun.TestRunComplete: Invoking callback 2/2 for Microsoft.VisualStudio.TestPlatform.CommandLine.Processors.RunTestsArgumentExecutor+TestRunRequestEventsRegistrar., took 0 ms.
TpTrace Information: 0 : 3928, 12, 2023/07/19, 14:25:32.209, 134030384174, vstest.console.dll, TestRunRequest:TestRunComplete: Completed.
TpTrace Verbose: 0 : 3928, 12, 2023/07/19, 14:25:32.210, 134030387308, vstest.console.dll, TestRequestSender.SetOperationComplete: Setting operation complete.
TpTrace Information: 0 : 3928, 12, 2023/07/19, 14:25:32.210, 134030391242, vstest.console.dll, SocketServer.Stop: Stop server endPoint: 127.0.0.1:54923
TpTrace Information: 0 : 3928, 12, 2023/07/19, 14:25:32.210, 134030394200, vstest.console.dll, SocketServer.Stop: Cancellation requested. Stopping message loop.
TpTrace Verbose: 0 : 3928, 1, 2023/07/19, 14:25:32.210, 134030385566, vstest.console.dll, TestRunRequest.Dispose: Starting.
TpTrace Information: 0 : 3928, 1, 2023/07/19, 14:25:32.211, 134030398795, vstest.console.dll, TestRunRequest.Dispose: Completed.
TpTrace Verbose: 0 : 3928, 12, 2023/07/19, 14:25:32.211, 134030396232, vstest.console.dll, MulticastDelegateUtilities.SafeInvoke: LengthPrefixCommunicationChannel: MessageReceived: Invoking callback 1/1 for Microsoft.VisualStudio.TestPlatform.CommunicationUtilities.TestRequestSender+<>c__DisplayClass34_0., took 184 ms.
TpTrace Information: 0 : 3928, 12, 2023/07/19, 14:25:32.211, 134030402662, vstest.console.dll, SocketServer.PrivateStop: Stopping server endPoint: 127.0.0.1:54923 error: 
TpTrace Information: 0 : 3928, 1, 2023/07/19, 14:25:32.211, 134030400835, vstest.console.dll, TestRequestManager.RunTests: run tests completed.
TpTrace Information: 0 : 3928, 1, 2023/07/19, 14:25:32.212, 134030408028, vstest.console.dll, RunTestsArgumentProcessor:Execute: Test run is completed.
TpTrace Verbose: 0 : 3928, 12, 2023/07/19, 14:25:32.212, 134030410485, vstest.console.dll, LengthPrefixCommunicationChannel.Dispose: Dispose reader and writer.
TpTrace Information: 0 : 3928, 12, 2023/07/19, 14:25:32.212, 134030412416, vstest.console.dll, SocketServer.Stop: Raise disconnected event endPoint: 127.0.0.1:54923 error: 
TpTrace Verbose: 0 : 3928, 12, 2023/07/19, 14:25:32.212, 134030414599, vstest.console.dll, TestRequestSender: OnTestRunAbort: Operation is already complete. Skip error message.
TpTrace Verbose: 0 : 3928, 12, 2023/07/19, 14:25:32.213, 134030416866, vstest.console.dll, MulticastDelegateUtilities.SafeInvoke: SocketServer: ClientDisconnected: Invoking callback 1/1 for Microsoft.VisualStudio.TestPlatform.CommunicationUtilities.TestRequestSender., took 0 ms.
TpTrace Verbose: 0 : 3928, 1, 2023/07/19, 14:25:32.212, 134030412540, vstest.console.dll, Executor.Execute: Exiting with exit code of 0
TpTrace Verbose: 0 : 3928, 12, 2023/07/19, 14:25:32.213, 134030420478, vstest.console.dll, TcpClientExtensions.MessageLoopAsync: exiting MessageLoopAsync remoteEndPoint: 127.0.0.1:54924 localEndPoint: 127.0.0.1:54923
